Log file open, 03/03/17 04:28:52
LogInit:Display: Running engine for game: Work
LogPlatformFile: Not using cached read wrapper
LogInit:Display: RandInit(-32133433) SRandInit(-32133433).
LogTaskGraph: Started task graph with 5 named threads and 8 total threads with 1 sets of task threads.
LogStats: Stats thread started at 0.236883
LogInit: Using libcurl 7.47.1
LogInit:  - built for x86_64-pc-win32
LogInit:  - supports SSL with OpenSSL/1.0.2g
LogInit:  - supports HTTP deflate (compression) using libz 1.2.8
LogInit:  - other features:
LogInit:      CURL_VERSION_SSL
LogInit:      CURL_VERSION_LIBZ
LogInit:      CURL_VERSION_IPV6
LogInit:      CURL_VERSION_ASYNCHDNS
LogInit:      CURL_VERSION_LARGEFILE
LogInit:      CURL_VERSION_IDN
LogInit:  CurlRequestOptions (configurable via config and command line):
LogInit:  - bVerifyPeer = false  - Libcurl will NOT verify peer certificate
LogInit:  - bUseHttpProxy = false  - Libcurl will NOT use HTTP proxy
LogInit:  - bDontReuseConnections = false  - Libcurl will reuse connections
LogInit:  - CertBundlePath = nullptr  - Libcurl will use whatever was configured at build time.
LogInit: Build: ++UE4+Release-4.15-CL-3299760
LogInit: Engine Version: 4.15.0-3299760+++UE4+Release-4.15
LogInit: Compatible Engine Version: 4.15.0-3299760+++UE4+Release-4.15
LogInit: Net CL: 3299760
LogDevObjectVersion: Number of dev versions registered: 14
LogDevObjectVersion:   Dev-Blueprints (B0D832E4-1F89-4F0D-ACCF-7EB736FD4AA2): 8
LogDevObjectVersion:   Dev-Build (E1C64328-A22C-4D53-A36C-8E866417BD8C): 0
LogDevObjectVersion:   Dev-Core (375EC13C-06E4-48FB-B500-84F0262A717E): 2
LogDevObjectVersion:   Dev-Editor (E4B068ED-F494-42E9-A231-DA0B2E46BB41): 14
LogDevObjectVersion:   Dev-Framework (CFFC743F-43B0-4480-9391-14DF171D2073): 22
LogDevObjectVersion:   Dev-Mobile (B02B49B5-BB20-44E9-A304-32B752E40360): 0
LogDevObjectVersion:   Dev-Networking (A4E4105C-59A1-49B5-A7C5-40C4547EDFEE): 0
LogDevObjectVersion:   Dev-Online (39C831C9-5AE6-47DC-9A44-9C173E1C8E7C): 0
LogDevObjectVersion:   Dev-Physics (78F01B33-EBEA-4F98-B9B4-84EACCB95AA2): 0
LogDevObjectVersion:   Dev-Platform (6631380F-2D4D-43E0-8009-CF276956A95A): 0
LogDevObjectVersion:   Dev-Rendering (12F88B9F-8875-4AFC-A67C-D90C383ABD29): 12
LogDevObjectVersion:   Dev-Sequencer (7B5AE74C-D270-4C10-A958-57980B212A5A): 3
LogDevObjectVersion:   Dev-VR (D7296918-1DD6-4BDD-9DE2-64A83CC13884): 0
LogDevObjectVersion:   Dev-LoadTimes (C2A15278-BFE7-4AFE-6C17-90FF531DF755): 1
LogInit: Compiled (64-bit): Feb 14 2017 02:04:14
LogInit: Compiled with Visual C++: 19.00.23026.00
LogInit: Build Configuration: Development
LogInit: Branch Name: ++UE4+Release-4.15
LogInit: Command line:  -skipcompile
LogInit: Base directory: g:/Epic Games/UE_4.15/Engine/Binaries/Win64/
LogInit: Installed Engine Build: 1
LogInit: Presizing for max 8388607 objects, including 0 objects not considered by GC, pre-allocating 0 bytes for permanent pool.
LogInit: Object subsystem initialized
[2017.03.03-01.28.53:312][  0]LogInit: Selected Device Profile: [Windows]
[2017.03.03-01.28.53:312][  0]LogInit: Applying CVar settings loaded from the selected device profile: [Windows]
[2017.03.03-01.28.53:324][  0]LogInit: Computer: SUPERDRO
[2017.03.03-01.28.53:324][  0]LogInit: User: LordDro
[2017.03.03-01.28.53:324][  0]LogInit: CPU Page size=65536, Cores=4
[2017.03.03-01.28.53:324][  0]LogInit: High frequency timer resolution =3.215353 MHz
[2017.03.03-01.28.53:324][  0]LogMemory: Memory total: Physical=7.9GB (8GB approx)
[2017.03.03-01.28.53:324][  0]LogMemory: Platform Memory Stats for Windows
[2017.03.03-01.28.53:324][  0]LogMemory: Process Physical Memory: 261.16 MB used, 261.16 MB peak
[2017.03.03-01.28.53:325][  0]LogMemory: Process Virtual Memory: 262.08 MB used, 262.08 MB peak
[2017.03.03-01.28.53:325][  0]LogMemory: Physical Memory: 4407.15 MB used,  3730.99 MB free, 8138.14 MB total
[2017.03.03-01.28.53:325][  0]LogMemory: Virtual Memory: 625.43 MB used,  3730.99 MB free, 134217728.00 MB total
[2017.03.03-01.28.53:471][  0]LogTextLocalizationManager: No translations for ('ru-RU') exist, falling back to 'en' for localization and internationalization data.
[2017.03.03-01.28.54:163][  0]LogD3D11RHI: D3D11 adapters:
[2017.03.03-01.28.54:192][  0]LogD3D11RHI:    0. 'NVIDIA GeForce GTX 650' (Feature Level 11_0)
[2017.03.03-01.28.54:192][  0]LogD3D11RHI:       965/0/3072 MB DedicatedVideo/DedicatedSystem/SharedSystem, Outputs:1, VendorId:0x10de
[2017.03.03-01.28.54:196][  0]LogD3D11RHI:    1. 'Microsoft Basic Render Driver' (Feature Level 11_0)
[2017.03.03-01.28.54:196][  0]LogD3D11RHI:       0/0/256 MB DedicatedVideo/DedicatedSystem/SharedSystem, Outputs:0, VendorId:0x1414
[2017.03.03-01.28.54:196][  0]LogD3D11RHI: Chosen D3D11 Adapter: 0
[2017.03.03-01.28.54:200][  0]LogD3D11RHI: Creating new Direct3DDevice
[2017.03.03-01.28.54:200][  0]LogD3D11RHI:     GPU DeviceId: 0xfc6 (for the marketing name, search the web for "GPU Device Id")
[2017.03.03-01.28.54:200][  0]LogWindows: EnumDisplayDevices:
[2017.03.03-01.28.54:200][  0]LogWindows:    0. 'NVIDIA GeForce GTX 650' (P:1 D:1)
[2017.03.03-01.28.54:200][  0]LogWindows:    1. 'NVIDIA GeForce GTX 650' (P:0 D:0)
[2017.03.03-01.28.54:200][  0]LogWindows:    2. 'NVIDIA GeForce GTX 650' (P:0 D:0)
[2017.03.03-01.28.54:201][  0]LogWindows: DebugString: FoundDriverCount:3 
[2017.03.03-01.28.54:201][  0]LogD3D11RHI:     Adapter Name: NVIDIA GeForce GTX 650
[2017.03.03-01.28.54:201][  0]LogD3D11RHI:   Driver Version: 378.49 (internal:21.21.13.7849, unified:378.49)
[2017.03.03-01.28.54:201][  0]LogD3D11RHI:      Driver Date: 1-20-2017
[2017.03.03-01.28.54:201][  0]LogRHI: Texture pool is 675 MB (70% of 965 MB)
[2017.03.03-01.28.54:215][  0]LogD3D11RHI:Warning: Timestamp queries are currently disabled on this hardware due to instability. Realtime GPU stats will not be available. You can override this behaviour by setting r.NVIDIATimestampWorkaround to 0
[2017.03.03-01.28.54:216][  0]LogD3D11RHI: Async texture creation enabled
[2017.03.03-01.28.54:234][  0]LogD3D11RHI: GPU Timing Frequency: 1000.000000 (Debug: 2 2)
[2017.03.03-01.28.54:283][  0]LogShaderCompilers: Guid format shader working directory is 22 characters bigger than the processId version (../../../../../Unreal/Work/Intermediate/Shaders/WorkingDirectory/5044/).
[2017.03.03-01.28.54:283][  0]LogShaderCompilers: Cleaned the shader compiler working directory 'C:/Users/LordDro/AppData/Local/Temp/UnrealShaderWorkingDir/914AADFA4465EDB48B66D1B74A6C82A6/'.
[2017.03.03-01.28.54:283][  0]LogShaderCompilers:Display: Using Local Shader Compiler.
[2017.03.03-01.28.55:410][  0]LogTemp:Display: Loaded TP AllDesktopTargetPlatform
[2017.03.03-01.28.55:462][  0]LogTemp:Display: Loaded TP MacClientTargetPlatform
[2017.03.03-01.28.55:515][  0]LogTemp:Display: Loaded TP MacNoEditorTargetPlatform
[2017.03.03-01.28.55:568][  0]LogTemp:Display: Loaded TP MacServerTargetPlatform
[2017.03.03-01.28.55:620][  0]LogTemp:Display: Loaded TP MacTargetPlatform
[2017.03.03-01.28.55:673][  0]LogTemp:Display: Loaded TP WindowsClientTargetPlatform
[2017.03.03-01.28.55:727][  0]LogTemp:Display: Loaded TP WindowsNoEditorTargetPlatform
[2017.03.03-01.28.55:781][  0]LogTemp:Display: Loaded TP WindowsServerTargetPlatform
[2017.03.03-01.28.55:821][  0]LogTemp:Display: Loaded TP WindowsTargetPlatform
[2017.03.03-01.28.55:874][  0]LogTemp:Display: Loaded TP AndroidTargetPlatform
[2017.03.03-01.28.55:920][  0]LogTemp:Display: Loaded TP Android_ASTCTargetPlatform
[2017.03.03-01.28.55:972][  0]LogTemp:Display: Loaded TP Android_ATCTargetPlatform
[2017.03.03-01.28.56:020][  0]LogTemp:Display: Loaded TP Android_DXTTargetPlatform
[2017.03.03-01.28.56:072][  0]LogTemp:Display: Loaded TP Android_ETC1TargetPlatform
[2017.03.03-01.28.56:123][  0]LogTemp:Display: Loaded TP Android_ETC2TargetPlatform
[2017.03.03-01.28.56:226][  0]LogTemp:Display: Loaded TP Android_MultiTargetPlatform
[2017.03.03-01.28.56:226][  0]LogTemp:Display: Loaded TP Android_PVRTCTargetPlatform
[2017.03.03-01.28.56:259][  0]LogTemp:Display: Loaded TP HTML5TargetPlatform
[2017.03.03-01.28.56:358][  0]LogTemp:Display: Loaded TP IOSTargetPlatform
[2017.03.03-01.28.56:394][  0]LogTemp:Display: Loaded TP TVOSTargetPlatform
[2017.03.03-01.28.56:446][  0]LogTemp:Display: Loaded TP LinuxClientTargetPlatform
[2017.03.03-01.28.56:496][  0]LogTemp:Display: Loaded TP LinuxNoEditorTargetPlatform
[2017.03.03-01.28.56:543][  0]LogTemp:Display: Loaded TP LinuxServerTargetPlatform
[2017.03.03-01.28.56:594][  0]LogTemp:Display: Loaded TP LinuxTargetPlatform
[2017.03.03-01.28.56:594][  0]LogTargetPlatformManager:Display: Building Assets For Windows
[2017.03.03-01.28.56:958][  0]LogDerivedDataCache:Display: Max Cache Size: 512 MB
[2017.03.03-01.28.57:015][  0]LogDerivedDataCache: Loaded boot cache 0.06s 50MB C:/Users/LordDro/AppData/Local/UnrealEngine/4.15/DerivedDataCache/Boot.ddc.
[2017.03.03-01.28.57:015][  0]LogDerivedDataCache:Display: Loaded Boot cache: C:/Users/LordDro/AppData/Local/UnrealEngine/4.15/DerivedDataCache/Boot.ddc
[2017.03.03-01.28.57:015][  0]LogDerivedDataCache: FDerivedDataBackendGraph:  Pak pak cache file ../../../../../Unreal/Work/DerivedDataCache/DDC.ddp not found, will not use a pak cache.
[2017.03.03-01.28.57:016][  0]LogDerivedDataCache: Unable to find inner node Pak for hierarchical cache Hierarchy.
[2017.03.03-01.28.57:016][  0]LogDerivedDataCache: FDerivedDataBackendGraph:  CompressedPak pak cache file ../../../../../Unreal/Work/DerivedDataCache/Compressed.ddp not found, will not use a pak cache.
[2017.03.03-01.28.57:016][  0]LogDerivedDataCache: Unable to find inner node CompressedPak for hierarchical cache Hierarchy.
[2017.03.03-01.28.57:035][  0]LogDerivedDataCache:Display: Pak cache opened for reading ../../../Engine/DerivedDataCache/Compressed.ddp.
[2017.03.03-01.28.57:047][  0]LogDerivedDataCache: Using Local data cache path C:/Users/LordDro/AppData/Local/UnrealEngine/Common/DerivedDataCache: Writable
[2017.03.03-01.28.57:056][  0]LogSlate: Using Freetype 2.6.0
[2017.03.03-01.28.57:057][  0]LogSlate: SlateFontCache - WITH_FREETYPE: 1, WITH_HARFBUZZ: 1
[2017.03.03-01.28.57:057][  0]LogSlate: SlateFontCache - WITH_FREETYPE: 1, WITH_HARFBUZZ: 1
[2017.03.03-01.28.57:316][  0]LogInit: Selected Device Profile: [Windows]
[2017.03.03-01.28.57:320][  0]LogContentStreaming: Texture pool size is 0.00 MB
[2017.03.03-01.28.57:493][  0]LogMeshUtilities: Using QuadricMeshReduction for automatic static mesh reduction
[2017.03.03-01.28.57:526][  0]LogSimplygon: Simplygon DLL not present - disabling.
[2017.03.03-01.28.57:559][  0]LogMeshUtilities: Using SimplygonSwarm for distributed automatic mesh merging
[2017.03.03-01.28.57:559][  0]LogMeshUtilities: No automatic skeletal mesh reduction module available
[2017.03.03-01.28.57:559][  0]LogMeshUtilities: No automatic mesh merging module available
[2017.03.03-01.28.58:047][  0]LogNetVersion: GetLocalNetworkVersion: CL: 3299760, ProjectName: work, ProjectVersion: , EngineNetworkVersion: 2, GameNetworkVersion: 0, NetworkChecksum: 2035158073
[2017.03.03-01.28.58:093][  0]LogAssetRegistry: FAssetRegistry took 0.0251 seconds to start up
[2017.03.03-01.28.58:116][  0]LogPackageLocalizationCache: Processed 3 localized package path(s) for 1 prioritized culture(s) in 0.008596 seconds
[2017.03.03-01.28.58:121][  0]LogUObjectArray: 32475 objects as part of root set at end of initial load.
[2017.03.03-01.28.58:121][  0]LogUObjectAllocator: 7073360 out of 0 bytes used by permanent object pool.
[2017.03.03-01.28.58:121][  0]LogUObjectArray: CloseDisregardForGC: 0/0 objects in disregard for GC pool
[2017.03.03-01.28.58:164][  0]LogInit: WinSock: version 1.1 (2.2), MaxSocks=32767, MaxUdp=65467
[2017.03.03-01.28.59:472][  0]LogTcpMessaging: Initializing TcpMessaging bridge
[2017.03.03-01.28.59:507][  0]LogUdpMessaging: Initializing bridge on interface 0.0.0.0:0 to multicast group 230.0.0.1:6666.
[2017.03.03-01.28.59:978][  0]LogMaterial: Uniform references updated for custom material expression Custom.
[2017.03.03-01.29.00:266][  0]SourceControl: Info Source control is disabled
[2017.03.03-01.29.00:299][  0]SourceControl: Info Source control is disabled
[2017.03.03-01.29.00:331][  0]SourceControl: Info Source control is disabled
[2017.03.03-01.29.00:366][  0]SourceControl: Info Source control is disabled
[2017.03.03-01.29.01:268][  0]LogEngine: Initializing Engine...
[2017.03.03-01.29.01:269][  0]LogHMD: Failed to initialize OpenVR with code 110
[2017.03.03-01.29.01:458][  0]LogAIModule: Creating AISystem for world Untitled
[2017.03.03-01.29.01:472][  0]LogInit: XAudio2 using 'Динамики (Envy24 Family Audio Controller WDM)' : 2 channels at 48 kHz using 32 bits per sample (channel mask 0x3)
[2017.03.03-01.29.01:484][  0]LogInit: FAudioDevice initialized.
[2017.03.03-01.29.01:515][  0]LogDerivedDataCache: Saved boot cache 0.03s 50MB C:/Users/LordDro/AppData/Local/UnrealEngine/4.15/DerivedDataCache/Boot.ddc.
[2017.03.03-01.29.01:522][  0]LogInit: Texture streaming: Enabled
[2017.03.03-01.29.01:593][  0]LogEngineSessionManager: EngineSessionManager initialized
[2017.03.03-01.29.01:593][  0]LogEngineSessionManager: EngineSessionManager sent abnormal shutdown report. Type=Debugger, SessionId={7F0E9256-4D13-AA3B-18FB-7A9CEB1DBA1D}
[2017.03.03-01.29.01:593][  0]LogEngineSessionManager: EngineSessionManager sent abnormal shutdown report. Type=Debugger, SessionId={B37728FA-4A68-62A2-5B1D-E6B8CECE2F24}
[2017.03.03-01.29.01:656][  0]LogInit: Transaction tracking system initialized
[2017.03.03-01.29.01:890][  0]BlueprintLog: New page: Editor Load
[2017.03.03-01.29.02:515][  0]LocalizationService: Info Localization service is disabled
[2017.03.03-01.29.02:989][  0]LogConsoleResponse:Display: 
[2017.03.03-01.29.03:103][  0]LogCook:Display: Max memory allowance for cook 16384mb min free memory 0mb
[2017.03.03-01.29.03:103][  0]LogCook:Display: Mobile HDR setting 1
[2017.03.03-01.29.03:144][  0]LogFileCache: Scanning file cache for directory 'g:/Unreal/Work/Content/' took 0.01s
[2017.03.03-01.29.03:839][  0]SourceControl: Info Source control is disabled
[2017.03.03-01.29.03:839][  0]Cmd: MAP LOAD FILE="../../../Engine/Content/Maps/Templates/Template_Default.umap" TEMPLATE=1 SHOWPROGRESS=1 FEATURELEVEL=3
[2017.03.03-01.29.03:840][  0]LightingResults: New page: Lighting Build
[2017.03.03-01.29.03:867][  0]MapCheck: New page: Map Check
[2017.03.03-01.29.03:867][  0]LightingResults: New page: Lighting Build
[2017.03.03-01.29.04:099][  0]LogAIModule: Creating AISystem for world Untitled_1
[2017.03.03-01.29.04:100][  0]LogActorComponent: RegisterComponentWithWorld: (/Temp/Untitled_1.Untitled_1:PersistentLevel.WorldSettings_1.StaticMeshComponent0) Trying to register component with IsPendingKill() == true. Aborting.
[2017.03.03-01.29.04:107][  0]LogEditorServer: Finished looking for orphan Actors (0.000 secs)
[2017.03.03-01.29.04:111][  0]Cmd: MAP CHECKDEP NOCLEARLOG
[2017.03.03-01.29.04:144][  0]MapCheck: Info Map check complete: 0 Error(s), 0 Warning(s), took 32.974ms to complete.
[2017.03.03-01.29.04:144][  0]LogFileHelpers: Loading map 'Template_Default' took 0.305
[2017.03.03-01.29.04:208][  0]LogWindowsTextInputMethodSystem:Display: IME system now deactivated.
[2017.03.03-01.29.04:318][  0]LogCollectionManager: Loaded 0 collections in 0.000840 seconds
[2017.03.03-01.29.04:389][  0]LogFileCache: Scanning file cache for directory 'g:/Unreal/Work/Saved/Collections/' took 0.01s
[2017.03.03-01.29.04:389][  0]LogFileCache: Scanning file cache for directory 'g:/Unreal/Work/Content/Developers/LordDro/Collections/' took 0.01s
[2017.03.03-01.29.04:389][  0]LogFileCache: Scanning file cache for directory 'g:/Unreal/Work/Content/Collections/' took 0.01s
[2017.03.03-01.29.04:389][  0]LogCollectionManager: Rebuilt the GUID cache for 0 collections in 0.000002 seconds
[2017.03.03-01.29.04:400][  0]LogContentBrowser: Native class hierarchy populated in 0.0101 seconds. Added 2246 classes and 452 folders.
[2017.03.03-01.29.04:403][  0]LogStats: UGameplayTagsManager::ConstructGameplayTagTree: Construct from data asset -  0.000 s
[2017.03.03-01.29.04:403][  0]LogStats: UGameplayTagsManager::ConstructGameplayTagTree: GameplayTagTreeChangedEvent.Broadcast -  0.000 s
[2017.03.03-01.29.04:445][  0]LogContentBrowser: Native class hierarchy updated for 'WidgetCarousel' in 0.0012 seconds. Added 0 classes and 0 folders.
[2017.03.03-01.29.04:480][  0]LogContentBrowser: Native class hierarchy updated for 'AddContentDialog' in 0.0011 seconds. Added 0 classes and 0 folders.
[2017.03.03-01.29.04:513][  0]LogContentBrowser: Native class hierarchy updated for 'SceneOutliner' in 0.0012 seconds. Added 1 classes and 2 folders.
[2017.03.03-01.29.04:556][  0]LogCrashTracker: Crashtracker disabled due to settings.
[2017.03.03-01.29.04:563][  0]LogUObjectGlobals:Warning: Failed to find object 'Class None.'
[2017.03.03-01.29.04:622][  0]LogContentBrowser: Native class hierarchy updated for 'HierarchicalLODOutliner' in 0.0012 seconds. Added 1 classes and 2 folders.
[2017.03.03-01.29.04:623][  0]LogLoad: (Engine Initialization) Total time: 13.61 seconds
[2017.03.03-01.29.04:623][  0]LogLoad: (Engine Initialization) Total Blueprint compile time: 0.08 seconds
[2017.03.03-01.29.04:623][  0]LogExternalProfiler: Found external profiler: VSPerf
[2017.03.03-01.29.04:623][  0]LogExternalProfiler: Using external profiler: VSPerf
[2017.03.03-01.29.04:632][  0]LogOcInput: OculusInput pre-init called
[2017.03.03-01.29.04:653][  0]LogContentStreaming: Texture pool size now 1000 MB
[2017.03.03-01.29.04:654][  0]LogSlate: Took 0.000251 seconds to synchronously load lazily loaded font '../../../Engine/Content/Slate/Fonts/Roboto-Regular.ttf' (155K)
[2017.03.03-01.29.04:658][  0]LogSlate: Took 0.000235 seconds to synchronously load lazily loaded font '../../../Engine/Content/Slate/Fonts/Roboto-Bold.ttf' (160K)
[2017.03.03-01.29.04:664][  0]LogSlate: Took 0.000207 seconds to synchronously load lazily loaded font '../../../Engine/Content/Editor/Slate/Fonts/FontAwesome.ttf' (139K)
[2017.03.03-01.29.04:781][  0]LogSlate: Took 0.000227 seconds to synchronously load lazily loaded font '../../../Engine/Content/Slate/Fonts/Roboto-Light.ttf' (159K)
[2017.03.03-01.29.04:843][  0]LogRenderer: Reallocating scene render targets to support 804x540 NumSamples 1 (Frame:2).
[2017.03.03-01.29.04:936][  1]LogAssetRegistry: Asset discovery search completed in 6.8672 seconds
[2017.03.03-01.29.04:936][  1]LogCollectionManager: Rebuilt the object cache for 0 collections in 0.000007 seconds (found 0 objects)
[2017.03.03-01.29.04:936][  1]LogCollectionManager: Fixed up redirectors for 0 collections in 0.000127 seconds (updated 0 objects)
[2017.03.03-01.29.10:712][644]LogSlate: Took 0.000318 seconds to synchronously load lazily loaded font '../../../Engine/Content/Slate/Fonts/Roboto-Light.ttf' (159K)
[2017.03.03-01.29.11:193][644]LogContentBrowser: Native class hierarchy updated for 'BlueprintGraph' in 0.0016 seconds. Added 112 classes and 0 folders.
[2017.03.03-01.29.11:924][644]LogSlate: Took 0.000195 seconds to synchronously load lazily loaded font '../../../Engine/Content/Slate/Fonts/Roboto-Regular.ttf' (155K)
[2017.03.03-01.29.12:011][644]LogSlate: Took 0.000246 seconds to synchronously load lazily loaded font '../../../Engine/Content/Editor/Slate/Fonts/Roboto-BoldCondensed.ttf' (158K)
[2017.03.03-01.29.12:154][645]LogSlate: Took 0.000289 seconds to synchronously load lazily loaded font '../../../Engine/Content/Editor/Slate/Fonts/Roboto-Italic.ttf' (157K)
[2017.03.03-01.29.16:309][ 26]BlueprintLog: New page: Compile BP_mygm
[2017.03.03-01.29.16:756][ 52]Cmd: OBJ SAVEPACKAGE PACKAGE="/Game/items/BP_mygm" FILE="../../../../../Unreal/Work/Content/items/BP_mygm.uasset" SILENT=true
[2017.03.03-01.29.16:784][ 52]LogSavePackage: Save=23.11ms
[2017.03.03-01.29.16:785][ 52]LogSavePackage: Moving '../../../../../Unreal/Work/Saved/BP_mygm254AB34941F706315E01F593B6C5F8A7.tmp' to '../../../../../Unreal/Work/Content/items/BP_mygm.uasset'
[2017.03.03-01.29.16:786][ 52]LogSavePackage:Display: Finished SavePackage ../../../../../Unreal/Work/Content/items/BP_mygm.uasset
[2017.03.03-01.29.35:664][178]Cmd: OBJ SAVEPACKAGE PACKAGE="/Game/items/BP_mygm" FILE="../../../../../Unreal/Work/Content/items/BP_mygm.uasset" SILENT=true
[2017.03.03-01.29.35:689][178]LogSavePackage: Save=22.75ms
[2017.03.03-01.29.35:689][178]LogSavePackage: Moving '../../../../../Unreal/Work/Saved/BP_mygm13DBF2F14959D6116F2135AA41739F65.tmp' to '../../../../../Unreal/Work/Content/items/BP_mygm.uasset'
[2017.03.03-01.29.35:690][178]LogSavePackage:Display: Finished SavePackage ../../../../../Unreal/Work/Content/items/BP_mygm.uasset
[2017.03.03-01.29.37:153][349]LogTemp: Repeting last play command: Selected Viewport
[2017.03.03-01.29.37:163][349]LogPlayLevel: PlayLevel: No blueprints needed recompiling
[2017.03.03-01.29.37:163][349]PIE: New page: PIE session: Untitled_1 (Mar 3, 2017, 7:29:37 AM)
[2017.03.03-01.29.37:164][349]LogPlayLevel: Creating play world package: /Temp/UEDPIE_0_Untitled_1
[2017.03.03-01.29.37:166][349]LogPlayLevel: PIE: StaticDuplicateObject took: (0.002278s)
[2017.03.03-01.29.37:167][349]LogAIModule: Creating AISystem for world Untitled_1
[2017.03.03-01.29.37:168][349]LogPlayLevel: PIE: World Init took: (0.001671s)
[2017.03.03-01.29.37:168][349]LogPlayLevel: PIE: Created PIE world by copying editor world from /Temp/Untitled_1.Untitled_1 to /Temp/UEDPIE_0_Untitled_1.Untitled_1 (0.004389s)
[2017.03.03-01.29.37:187][349]LogInit: XAudio2 using 'Динамики (Envy24 Family Audio Controller WDM)' : 2 channels at 48 kHz using 32 bits per sample (channel mask 0x3)
[2017.03.03-01.29.37:192][349]LogInit: FAudioDevice initialized.
[2017.03.03-01.29.37:241][349]LogLoad: Game class is 'BP_mygm_C'
[2017.03.03-01.29.37:244][349]LogWorld: Bringing World /Temp/UEDPIE_0_Untitled_1.Untitled_1 up for play (max tick rate 0) at 2017.03.03-04.29.37
[2017.03.03-01.29.37:245][349]LogWorld: Bringing up level for play took: 0.001902
[2017.03.03-01.29.37:291][349]LogContentBrowser: Native class hierarchy updated for 'MovieSceneCapture' in 0.0014 seconds. Added 11 classes and 0 folders.
[2017.03.03-01.29.37:292][349]LogGameMode:Display: Match State Changed from EnteringMap to WaitingToStart
[2017.03.03-01.29.37:292][349]LogGameState: Match State Changed from EnteringMap to WaitingToStart
[2017.03.03-01.29.37:292][349]LogGameMode:Display: Match State Changed from WaitingToStart to InProgress
[2017.03.03-01.29.37:294][349]LogGameState: Match State Changed from WaitingToStart to InProgress
[2017.03.03-01.29.37:294][349]PIE: Info Play in editor start time for /Temp/UEDPIE_0_Untitled_1 -0.691
[2017.03.03-01.29.38:134][445]LogBlueprintUserMessages: [butt_C_0] Hello
[2017.03.03-01.31.49:128][928]LogBlueprintDebug:Warning: Hit breakpoint on node 'CallFunc_PrintString', from offset 633
[2017.03.03-01.31.49:128][928]LogBlueprintDebug: 
Script call stack:
	Function /Game/items/BP_mygm.BP_mygm_C:ReceiveTick
	Function /Game/items/BP_mygm.BP_mygm_C:ExecuteUbergraph_BP_mygm

[2017.03.03-01.32.01:767][928]LogBlueprintUserMessages: [BP_mygm_C_0] 0---0
[2017.03.03-01.32.01:767][928]LogBlueprintUserMessages: [BP_mygm_C_0] 0---0
[2017.03.03-01.32.01:767][928]LogBlueprintUserMessages: [BP_mygm_C_0] 1---1
[2017.03.03-01.32.01:767][928]LogBlueprintUserMessages: [BP_mygm_C_0] 0---0
[2017.03.03-01.32.01:767][928]LogBlueprintUserMessages: [BP_mygm_C_0] 1---1
[2017.03.03-01.32.01:767][928]LogBlueprintUserMessages: [BP_mygm_C_0] 2---2
[2017.03.03-01.32.01:768][928]LogBlueprintUserMessages: [BP_mygm_C_0] 0---0
[2017.03.03-01.32.01:768][928]LogBlueprintUserMessages: [BP_mygm_C_0] 1---1
[2017.03.03-01.32.01:768][928]LogBlueprintUserMessages: [BP_mygm_C_0] 2---2
[2017.03.03-01.32.01:768][928]LogBlueprintUserMessages: [BP_mygm_C_0] 3---3
[2017.03.03-01.32.04:775][286]LogBlueprintUserMessages: [butt_C_0] Hello
[2017.03.03-01.32.05:384][359]LogBlueprintUserMessages: [BP_mygm_C_0] 0---0
[2017.03.03-01.32.05:384][359]LogBlueprintUserMessages: [BP_mygm_C_0] 1---1
[2017.03.03-01.32.05:384][359]LogBlueprintUserMessages: [BP_mygm_C_0] 2---2
[2017.03.03-01.32.05:384][359]LogBlueprintUserMessages: [BP_mygm_C_0] 3---3
[2017.03.03-01.32.05:384][359]LogBlueprintUserMessages: [BP_mygm_C_0] 4---4
[2017.03.03-01.32.05:384][359]LogBlueprintUserMessages: [BP_mygm_C_0] 0---0
[2017.03.03-01.32.05:384][359]LogBlueprintUserMessages: [BP_mygm_C_0] 1---1
[2017.03.03-01.32.05:384][359]LogBlueprintUserMessages: [BP_mygm_C_0] 2---2
[2017.03.03-01.32.05:385][359]LogBlueprintUserMessages: [BP_mygm_C_0] 3---3
[2017.03.03-01.32.05:385][359]LogBlueprintUserMessages: [BP_mygm_C_0] 4---4
[2017.03.03-01.32.05:385][359]LogBlueprintUserMessages: [BP_mygm_C_0] 5---5
[2017.03.03-01.32.05:385][359]LogBlueprintUserMessages: [BP_mygm_C_0] 0---0
[2017.03.03-01.32.05:385][359]LogBlueprintUserMessages: [BP_mygm_C_0] 1---1
[2017.03.03-01.32.05:385][359]LogBlueprintUserMessages: [BP_mygm_C_0] 2---2
[2017.03.03-01.32.05:385][359]LogBlueprintUserMessages: [BP_mygm_C_0] 3---3
[2017.03.03-01.32.05:385][359]LogBlueprintUserMessages: [BP_mygm_C_0] 4---4
[2017.03.03-01.32.05:385][359]LogBlueprintUserMessages: [BP_mygm_C_0] 5---5
[2017.03.03-01.32.05:385][359]LogBlueprintUserMessages: [BP_mygm_C_0] 6---6
[2017.03.03-01.32.05:388][359]LogBlueprintUserMessages: [BP_mygm_C_0] 0---0
[2017.03.03-01.32.05:388][359]LogBlueprintUserMessages: [BP_mygm_C_0] 1---1
[2017.03.03-01.32.05:388][359]LogBlueprintUserMessages: [BP_mygm_C_0] 2---2
[2017.03.03-01.32.05:388][359]LogBlueprintUserMessages: [BP_mygm_C_0] 3---3
[2017.03.03-01.32.05:388][359]LogBlueprintUserMessages: [BP_mygm_C_0] 4---4
[2017.03.03-01.32.05:388][359]LogBlueprintUserMessages: [BP_mygm_C_0] 5---5
[2017.03.03-01.32.05:388][359]LogBlueprintUserMessages: [BP_mygm_C_0] 6---6
[2017.03.03-01.32.05:388][359]LogBlueprintUserMessages: [BP_mygm_C_0] 7---7
[2017.03.03-01.32.05:412][359]LogBlueprintUserMessages: [BP_mygm_C_0] 0---0
[2017.03.03-01.32.05:412][359]LogBlueprintUserMessages: [BP_mygm_C_0] 1---1
[2017.03.03-01.32.05:412][359]LogBlueprintUserMessages: [BP_mygm_C_0] 2---2
[2017.03.03-01.32.05:412][359]LogBlueprintUserMessages: [BP_mygm_C_0] 3---3
[2017.03.03-01.32.05:413][359]LogBlueprintUserMessages: [BP_mygm_C_0] 4---4
[2017.03.03-01.32.05:413][359]LogBlueprintUserMessages: [BP_mygm_C_0] 5---5
[2017.03.03-01.32.05:413][359]LogBlueprintUserMessages: [BP_mygm_C_0] 6---6
[2017.03.03-01.32.05:413][359]LogBlueprintUserMessages: [BP_mygm_C_0] 7---7
[2017.03.03-01.32.05:413][359]LogBlueprintUserMessages: [BP_mygm_C_0] 8---8
[2017.03.03-01.32.08:411][718]LogBlueprintUserMessages: [butt_C_0] Hello
[2017.03.03-01.32.09:640][834]LogBlueprintUserMessages: [BP_mygm_C_0] 0---0
[2017.03.03-01.32.09:641][834]LogBlueprintUserMessages: [BP_mygm_C_0] 1---1
[2017.03.03-01.32.09:641][834]LogBlueprintUserMessages: [BP_mygm_C_0] 2---2
[2017.03.03-01.32.09:641][834]LogBlueprintUserMessages: [BP_mygm_C_0] 3---3
[2017.03.03-01.32.09:641][834]LogBlueprintUserMessages: [BP_mygm_C_0] 4---4
[2017.03.03-01.32.09:641][834]LogBlueprintUserMessages: [BP_mygm_C_0] 5---5
[2017.03.03-01.32.09:641][834]LogBlueprintUserMessages: [BP_mygm_C_0] 6---6
[2017.03.03-01.32.09:641][834]LogBlueprintUserMessages: [BP_mygm_C_0] 7---7
[2017.03.03-01.32.09:642][834]LogBlueprintUserMessages: [BP_mygm_C_0] 8---8
[2017.03.03-01.32.09:642][834]LogBlueprintUserMessages: [BP_mygm_C_0] 9---9
[2017.03.03-01.32.12:933][834]LogBlueprintUserMessages: [BP_mygm_C_0] 0---0
[2017.03.03-01.32.12:933][834]LogBlueprintUserMessages: [BP_mygm_C_0] 1---1
[2017.03.03-01.32.12:933][834]LogBlueprintUserMessages: [BP_mygm_C_0] 2---2
[2017.03.03-01.32.12:933][834]LogBlueprintUserMessages: [BP_mygm_C_0] 3---3
[2017.03.03-01.32.12:933][834]LogBlueprintUserMessages: [BP_mygm_C_0] 4---4
[2017.03.03-01.32.12:934][834]LogBlueprintUserMessages: [BP_mygm_C_0] 5---5
[2017.03.03-01.32.12:934][834]LogBlueprintUserMessages: [BP_mygm_C_0] 6---6
[2017.03.03-01.32.12:934][834]LogBlueprintUserMessages: [BP_mygm_C_0] 7---7
[2017.03.03-01.32.12:934][834]LogBlueprintUserMessages: [BP_mygm_C_0] 8---8
[2017.03.03-01.32.12:934][834]LogBlueprintUserMessages: [BP_mygm_C_0] 9---9
[2017.03.03-01.32.12:934][834]LogBlueprintUserMessages: [BP_mygm_C_0] 10---10
[2017.03.03-01.32.55:920][834]LogBlueprintUserMessages: [BP_mygm_C_0] 0---0
[2017.03.03-01.32.55:920][834]LogBlueprintUserMessages: [BP_mygm_C_0] 1---1
[2017.03.03-01.32.55:920][834]LogBlueprintUserMessages: [BP_mygm_C_0] 2---2
[2017.03.03-01.32.55:920][834]LogBlueprintUserMessages: [BP_mygm_C_0] 3---3
[2017.03.03-01.32.55:920][834]LogBlueprintUserMessages: [BP_mygm_C_0] 4---4
[2017.03.03-01.32.55:920][834]LogBlueprintUserMessages: [BP_mygm_C_0] 5---5
[2017.03.03-01.32.55:920][834]LogBlueprintUserMessages: [BP_mygm_C_0] 6---6
[2017.03.03-01.32.55:920][834]LogBlueprintUserMessages: [BP_mygm_C_0] 7---7
[2017.03.03-01.32.55:920][834]LogBlueprintUserMessages: [BP_mygm_C_0] 8---8
[2017.03.03-01.32.55:920][834]LogBlueprintUserMessages: [BP_mygm_C_0] 9---9
[2017.03.03-01.32.55:920][834]LogBlueprintUserMessages: [BP_mygm_C_0] 10---10
[2017.03.03-01.32.55:920][834]LogBlueprintUserMessages: [BP_mygm_C_0] 11---11
[2017.03.03-01.44.12:807][834]LogBlueprintUserMessages: [BP_mygm_C_0] 0---0
[2017.03.03-01.44.12:807][834]LogBlueprintUserMessages: [BP_mygm_C_0] 1---1
[2017.03.03-01.44.12:807][834]LogBlueprintUserMessages: [BP_mygm_C_0] 2---2
[2017.03.03-01.44.12:807][834]LogBlueprintUserMessages: [BP_mygm_C_0] 3---3
[2017.03.03-01.44.12:807][834]LogBlueprintUserMessages: [BP_mygm_C_0] 4---4
[2017.03.03-01.44.12:808][834]LogBlueprintUserMessages: [BP_mygm_C_0] 5---5
[2017.03.03-01.44.12:808][834]LogBlueprintUserMessages: [BP_mygm_C_0] 6---6
[2017.03.03-01.44.12:808][834]LogBlueprintUserMessages: [BP_mygm_C_0] 7---7
[2017.03.03-01.44.12:808][834]LogBlueprintUserMessages: [BP_mygm_C_0] 8---8
[2017.03.03-01.44.12:808][834]LogBlueprintUserMessages: [BP_mygm_C_0] 9---9
[2017.03.03-01.44.12:808][834]LogBlueprintUserMessages: [BP_mygm_C_0] 10---10
[2017.03.03-01.44.12:808][834]LogBlueprintUserMessages: [BP_mygm_C_0] 11---11
[2017.03.03-01.44.12:808][834]LogBlueprintUserMessages: [BP_mygm_C_0] 12---12
