Log file open, 03/06/17 01:10:39
LogInit:Display: Running engine for game: Work
LogPlatformFile: Not using cached read wrapper
LogInit:Display: RandInit(591759035) SRandInit(591759035).
LogTaskGraph: Started task graph with 5 named threads and 8 total threads with 1 sets of task threads.
LogStats: Stats thread started at 0.071339
LogInit: Using libcurl 7.47.1
LogInit:  - built for x86_64-pc-win32
LogInit:  - supports SSL with OpenSSL/1.0.2g
LogInit:  - supports HTTP deflate (compression) using libz 1.2.8
LogInit:  - other features:
LogInit:      CURL_VERSION_SSL
LogInit:      CURL_VERSION_LIBZ
LogInit:      CURL_VERSION_IPV6
LogInit:      CURL_VERSION_ASYNCHDNS
LogInit:      CURL_VERSION_LARGEFILE
LogInit:      CURL_VERSION_IDN
LogInit:  CurlRequestOptions (configurable via config and command line):
LogInit:  - bVerifyPeer = false  - Libcurl will NOT verify peer certificate
LogInit:  - bUseHttpProxy = false  - Libcurl will NOT use HTTP proxy
LogInit:  - bDontReuseConnections = false  - Libcurl will reuse connections
LogInit:  - CertBundlePath = nullptr  - Libcurl will use whatever was configured at build time.
LogInit: Build: ++UE4+Release-4.15-CL-3299760
LogInit: Engine Version: 4.15.0-3299760+++UE4+Release-4.15
LogInit: Compatible Engine Version: 4.15.0-3299760+++UE4+Release-4.15
LogInit: Net CL: 3299760
LogDevObjectVersion: Number of dev versions registered: 14
LogDevObjectVersion:   Dev-Blueprints (B0D832E4-1F89-4F0D-ACCF-7EB736FD4AA2): 8
LogDevObjectVersion:   Dev-Build (E1C64328-A22C-4D53-A36C-8E866417BD8C): 0
LogDevObjectVersion:   Dev-Core (375EC13C-06E4-48FB-B500-84F0262A717E): 2
LogDevObjectVersion:   Dev-Editor (E4B068ED-F494-42E9-A231-DA0B2E46BB41): 14
LogDevObjectVersion:   Dev-Framework (CFFC743F-43B0-4480-9391-14DF171D2073): 22
LogDevObjectVersion:   Dev-Mobile (B02B49B5-BB20-44E9-A304-32B752E40360): 0
LogDevObjectVersion:   Dev-Networking (A4E4105C-59A1-49B5-A7C5-40C4547EDFEE): 0
LogDevObjectVersion:   Dev-Online (39C831C9-5AE6-47DC-9A44-9C173E1C8E7C): 0
LogDevObjectVersion:   Dev-Physics (78F01B33-EBEA-4F98-B9B4-84EACCB95AA2): 0
LogDevObjectVersion:   Dev-Platform (6631380F-2D4D-43E0-8009-CF276956A95A): 0
LogDevObjectVersion:   Dev-Rendering (12F88B9F-8875-4AFC-A67C-D90C383ABD29): 12
LogDevObjectVersion:   Dev-Sequencer (7B5AE74C-D270-4C10-A958-57980B212A5A): 3
LogDevObjectVersion:   Dev-VR (D7296918-1DD6-4BDD-9DE2-64A83CC13884): 0
LogDevObjectVersion:   Dev-LoadTimes (C2A15278-BFE7-4AFE-6C17-90FF531DF755): 1
LogInit: Compiled (64-bit): Feb 14 2017 02:04:14
LogInit: Compiled with Visual C++: 19.00.23026.00
LogInit: Build Configuration: Development
LogInit: Branch Name: ++UE4+Release-4.15
LogInit: Command line:  
LogInit: Base directory: g:/Epic Games/UE_4.15/Engine/Binaries/Win64/
LogInit: Installed Engine Build: 1
LogInit: Presizing for max 8388607 objects, including 0 objects not considered by GC, pre-allocating 0 bytes for permanent pool.
LogInit: Object subsystem initialized
[2017.03.05-22.10.40:725][  0]LogInit: Selected Device Profile: [Windows]
[2017.03.05-22.10.40:725][  0]LogInit: Applying CVar settings loaded from the selected device profile: [Windows]
[2017.03.05-22.10.40:733][  0]LogInit: Computer: SUPERDRO
[2017.03.05-22.10.40:733][  0]LogInit: User: LordDro
[2017.03.05-22.10.40:733][  0]LogInit: CPU Page size=65536, Cores=4
[2017.03.05-22.10.40:733][  0]LogInit: High frequency timer resolution =3.215353 MHz
[2017.03.05-22.10.40:734][  0]LogMemory: Memory total: Physical=7.9GB (8GB approx)
[2017.03.05-22.10.40:734][  0]LogMemory: Platform Memory Stats for Windows
[2017.03.05-22.10.40:734][  0]LogMemory: Process Physical Memory: 260.01 MB used, 260.01 MB peak
[2017.03.05-22.10.40:734][  0]LogMemory: Process Virtual Memory: 262.36 MB used, 262.36 MB peak
[2017.03.05-22.10.40:734][  0]LogMemory: Physical Memory: 3204.92 MB used,  4933.23 MB free, 8138.14 MB total
[2017.03.05-22.10.40:734][  0]LogMemory: Virtual Memory: 625.43 MB used,  4933.23 MB free, 134217728.00 MB total
[2017.03.05-22.10.40:801][  0]LogTextLocalizationManager: No translations for ('ru-RU') exist, falling back to 'en' for localization and internationalization data.
[2017.03.05-22.10.41:385][  0]LogD3D11RHI: D3D11 adapters:
[2017.03.05-22.10.41:406][  0]LogD3D11RHI:    0. 'NVIDIA GeForce GTX 650' (Feature Level 11_0)
[2017.03.05-22.10.41:406][  0]LogD3D11RHI:       965/0/3072 MB DedicatedVideo/DedicatedSystem/SharedSystem, Outputs:1, VendorId:0x10de
[2017.03.05-22.10.41:407][  0]LogD3D11RHI:    1. 'Microsoft Basic Render Driver' (Feature Level 11_0)
[2017.03.05-22.10.41:407][  0]LogD3D11RHI:       0/0/256 MB DedicatedVideo/DedicatedSystem/SharedSystem, Outputs:0, VendorId:0x1414
[2017.03.05-22.10.41:407][  0]LogD3D11RHI: Chosen D3D11 Adapter: 0
[2017.03.05-22.10.41:410][  0]LogD3D11RHI: Creating new Direct3DDevice
[2017.03.05-22.10.41:410][  0]LogD3D11RHI:     GPU DeviceId: 0xfc6 (for the marketing name, search the web for "GPU Device Id")
[2017.03.05-22.10.41:410][  0]LogWindows: EnumDisplayDevices:
[2017.03.05-22.10.41:410][  0]LogWindows:    0. 'NVIDIA GeForce GTX 650' (P:1 D:1)
[2017.03.05-22.10.41:410][  0]LogWindows:    1. 'NVIDIA GeForce GTX 650' (P:0 D:0)
[2017.03.05-22.10.41:410][  0]LogWindows:    2. 'NVIDIA GeForce GTX 650' (P:0 D:0)
[2017.03.05-22.10.41:411][  0]LogWindows: DebugString: FoundDriverCount:3 
[2017.03.05-22.10.41:411][  0]LogD3D11RHI:     Adapter Name: NVIDIA GeForce GTX 650
[2017.03.05-22.10.41:411][  0]LogD3D11RHI:   Driver Version: 378.49 (internal:21.21.13.7849, unified:378.49)
[2017.03.05-22.10.41:411][  0]LogD3D11RHI:      Driver Date: 1-20-2017
[2017.03.05-22.10.41:411][  0]LogRHI: Texture pool is 675 MB (70% of 965 MB)
[2017.03.05-22.10.41:421][  0]LogD3D11RHI:Warning: Timestamp queries are currently disabled on this hardware due to instability. Realtime GPU stats will not be available. You can override this behaviour by setting r.NVIDIATimestampWorkaround to 0
[2017.03.05-22.10.41:422][  0]LogD3D11RHI: Async texture creation enabled
[2017.03.05-22.10.41:439][  0]LogD3D11RHI: GPU Timing Frequency: 1000.000000 (Debug: 2 2)
[2017.03.05-22.10.41:487][  0]LogShaderCompilers: Guid format shader working directory is 22 characters bigger than the processId version (../../../../../Unreal/Work/Intermediate/Shaders/WorkingDirectory/7360/).
[2017.03.05-22.10.41:487][  0]LogShaderCompilers: Cleaned the shader compiler working directory 'C:/Users/LordDro/AppData/Local/Temp/UnrealShaderWorkingDir/C1E98E1F4566C5B8524914A19287F379/'.
[2017.03.05-22.10.41:487][  0]LogShaderCompilers:Display: Using Local Shader Compiler.
[2017.03.05-22.10.42:647][  0]LogTemp:Display: Loaded TP AllDesktopTargetPlatform
[2017.03.05-22.10.42:692][  0]LogTemp:Display: Loaded TP MacClientTargetPlatform
[2017.03.05-22.10.42:735][  0]LogTemp:Display: Loaded TP MacNoEditorTargetPlatform
[2017.03.05-22.10.42:778][  0]LogTemp:Display: Loaded TP MacServerTargetPlatform
[2017.03.05-22.10.42:821][  0]LogTemp:Display: Loaded TP MacTargetPlatform
[2017.03.05-22.10.42:864][  0]LogTemp:Display: Loaded TP WindowsClientTargetPlatform
[2017.03.05-22.10.42:908][  0]LogTemp:Display: Loaded TP WindowsNoEditorTargetPlatform
[2017.03.05-22.10.42:952][  0]LogTemp:Display: Loaded TP WindowsServerTargetPlatform
[2017.03.05-22.10.42:985][  0]LogTemp:Display: Loaded TP WindowsTargetPlatform
[2017.03.05-22.10.43:028][  0]LogTemp:Display: Loaded TP AndroidTargetPlatform
[2017.03.05-22.10.43:072][  0]LogTemp:Display: Loaded TP Android_ASTCTargetPlatform
[2017.03.05-22.10.43:115][  0]LogTemp:Display: Loaded TP Android_ATCTargetPlatform
[2017.03.05-22.10.43:161][  0]LogTemp:Display: Loaded TP Android_DXTTargetPlatform
[2017.03.05-22.10.43:203][  0]LogTemp:Display: Loaded TP Android_ETC1TargetPlatform
[2017.03.05-22.10.43:247][  0]LogTemp:Display: Loaded TP Android_ETC2TargetPlatform
[2017.03.05-22.10.43:332][  0]LogTemp:Display: Loaded TP Android_MultiTargetPlatform
[2017.03.05-22.10.43:332][  0]LogTemp:Display: Loaded TP Android_PVRTCTargetPlatform
[2017.03.05-22.10.43:359][  0]LogTemp:Display: Loaded TP HTML5TargetPlatform
[2017.03.05-22.10.43:438][  0]LogTemp:Display: Loaded TP IOSTargetPlatform
[2017.03.05-22.10.43:469][  0]LogTemp:Display: Loaded TP TVOSTargetPlatform
[2017.03.05-22.10.43:512][  0]LogTemp:Display: Loaded TP LinuxClientTargetPlatform
[2017.03.05-22.10.43:554][  0]LogTemp:Display: Loaded TP LinuxNoEditorTargetPlatform
[2017.03.05-22.10.43:597][  0]LogTemp:Display: Loaded TP LinuxServerTargetPlatform
[2017.03.05-22.10.43:642][  0]LogTemp:Display: Loaded TP LinuxTargetPlatform
[2017.03.05-22.10.43:642][  0]LogTargetPlatformManager:Display: Building Assets For Windows
[2017.03.05-22.10.43:943][  0]LogDerivedDataCache:Display: Max Cache Size: 512 MB
[2017.03.05-22.10.43:996][  0]LogDerivedDataCache: Loaded boot cache 0.05s 50MB C:/Users/LordDro/AppData/Local/UnrealEngine/4.15/DerivedDataCache/Boot.ddc.
[2017.03.05-22.10.43:996][  0]LogDerivedDataCache:Display: Loaded Boot cache: C:/Users/LordDro/AppData/Local/UnrealEngine/4.15/DerivedDataCache/Boot.ddc
[2017.03.05-22.10.43:996][  0]LogDerivedDataCache: FDerivedDataBackendGraph:  Pak pak cache file ../../../../../Unreal/Work/DerivedDataCache/DDC.ddp not found, will not use a pak cache.
[2017.03.05-22.10.43:996][  0]LogDerivedDataCache: Unable to find inner node Pak for hierarchical cache Hierarchy.
[2017.03.05-22.10.43:996][  0]LogDerivedDataCache: FDerivedDataBackendGraph:  CompressedPak pak cache file ../../../../../Unreal/Work/DerivedDataCache/Compressed.ddp not found, will not use a pak cache.
[2017.03.05-22.10.43:996][  0]LogDerivedDataCache: Unable to find inner node CompressedPak for hierarchical cache Hierarchy.
[2017.03.05-22.10.44:016][  0]LogDerivedDataCache:Display: Pak cache opened for reading ../../../Engine/DerivedDataCache/Compressed.ddp.
[2017.03.05-22.10.44:028][  0]LogDerivedDataCache: Using Local data cache path C:/Users/LordDro/AppData/Local/UnrealEngine/Common/DerivedDataCache: Writable
[2017.03.05-22.10.44:036][  0]LogSlate: Using Freetype 2.6.0
[2017.03.05-22.10.44:037][  0]LogSlate: SlateFontCache - WITH_FREETYPE: 1, WITH_HARFBUZZ: 1
[2017.03.05-22.10.44:037][  0]LogSlate: SlateFontCache - WITH_FREETYPE: 1, WITH_HARFBUZZ: 1
[2017.03.05-22.10.44:298][  0]LogInit: Selected Device Profile: [Windows]
[2017.03.05-22.10.44:301][  0]LogContentStreaming: Texture pool size is 0.00 MB
[2017.03.05-22.10.44:470][  0]LogMeshUtilities: Using QuadricMeshReduction for automatic static mesh reduction
[2017.03.05-22.10.44:498][  0]LogSimplygon: Simplygon DLL not present - disabling.
[2017.03.05-22.10.44:528][  0]LogMeshUtilities: Using SimplygonSwarm for distributed automatic mesh merging
[2017.03.05-22.10.44:528][  0]LogMeshUtilities: No automatic skeletal mesh reduction module available
[2017.03.05-22.10.44:528][  0]LogMeshUtilities: No automatic mesh merging module available
[2017.03.05-22.10.45:017][  0]LogNetVersion: GetLocalNetworkVersion: CL: 3299760, ProjectName: work, ProjectVersion: , EngineNetworkVersion: 2, GameNetworkVersion: 0, NetworkChecksum: 2035158073
[2017.03.05-22.10.45:058][  0]LogAssetRegistry: FAssetRegistry took 0.0222 seconds to start up
[2017.03.05-22.10.45:080][  0]LogPackageLocalizationCache: Processed 3 localized package path(s) for 1 prioritized culture(s) in 0.007668 seconds
[2017.03.05-22.10.45:085][  0]LogUObjectArray: 32475 objects as part of root set at end of initial load.
[2017.03.05-22.10.45:085][  0]LogUObjectAllocator: 7073368 out of 0 bytes used by permanent object pool.
[2017.03.05-22.10.45:085][  0]LogUObjectArray: CloseDisregardForGC: 0/0 objects in disregard for GC pool
[2017.03.05-22.10.45:126][  0]LogInit: WinSock: version 1.1 (2.2), MaxSocks=32767, MaxUdp=65467
[2017.03.05-22.10.46:330][  0]LogTcpMessaging: Initializing TcpMessaging bridge
[2017.03.05-22.10.46:361][  0]LogUdpMessaging: Initializing bridge on interface 0.0.0.0:0 to multicast group 230.0.0.1:6666.
[2017.03.05-22.10.46:724][  0]LogMaterial: Uniform references updated for custom material expression Custom.
[2017.03.05-22.10.46:994][  0]SourceControl: Info Source control is disabled
[2017.03.05-22.10.47:032][  0]SourceControl: Info Source control is disabled
[2017.03.05-22.10.47:064][  0]SourceControl: Info Source control is disabled
[2017.03.05-22.10.47:094][  0]SourceControl: Info Source control is disabled
[2017.03.05-22.10.47:925][  0]LogEngine: Initializing Engine...
[2017.03.05-22.10.47:925][  0]LogHMD: Failed to initialize OpenVR with code 110
[2017.03.05-22.10.48:113][  0]LogAIModule: Creating AISystem for world Untitled
[2017.03.05-22.10.48:123][  0]LogInit: XAudio2 using 'Динамики (Устройство с поддержкой High Definition Audio)' : 2 channels at 44.1 kHz using 16 bits per sample (channel mask 0x3)
[2017.03.05-22.10.48:137][  0]LogInit: FAudioDevice initialized.
[2017.03.05-22.10.48:167][  0]LogDerivedDataCache: Saved boot cache 0.03s 50MB C:/Users/LordDro/AppData/Local/UnrealEngine/4.15/DerivedDataCache/Boot.ddc.
[2017.03.05-22.10.48:174][  0]LogInit: Texture streaming: Enabled
[2017.03.05-22.10.48:237][  0]LogEngineSessionManager: EngineSessionManager initialized
[2017.03.05-22.10.48:237][  0]LogEngineSessionManager: EngineSessionManager sent abnormal shutdown report. Type=Debugger, SessionId={1D73D95D-48E8-D82F-43AE-23824C736C77}
[2017.03.05-22.10.48:296][  0]LogInit: Transaction tracking system initialized
[2017.03.05-22.10.48:517][  0]BlueprintLog: New page: Editor Load
[2017.03.05-22.10.49:100][  0]LocalizationService: Info Localization service is disabled
[2017.03.05-22.10.49:544][  0]LogConsoleResponse:Display: 
[2017.03.05-22.10.49:655][  0]LogCook:Display: Max memory allowance for cook 16384mb min free memory 0mb
[2017.03.05-22.10.49:655][  0]LogCook:Display: Mobile HDR setting 1
[2017.03.05-22.10.50:330][  0]LogFileCache: Scanning file cache for directory 'g:/Unreal/Work/Content/' took 0.01s
[2017.03.05-22.10.50:330][  0]SourceControl: Info Source control is disabled
[2017.03.05-22.10.50:330][  0]Cmd: MAP LOAD FILE="../../../../../Unreal/Work/Content/workMap.umap" TEMPLATE=0 SHOWPROGRESS=1 FEATURELEVEL=3
[2017.03.05-22.10.50:331][  0]LightingResults: New page: Lighting Build
[2017.03.05-22.10.50:357][  0]MapCheck: New page: Map Check
[2017.03.05-22.10.50:357][  0]LightingResults: New page: Lighting Build
[2017.03.05-22.10.50:592][  0]LogAIModule: Creating AISystem for world workMap
[2017.03.05-22.10.50:596][  0]LogEditorServer: Finished looking for orphan Actors (0.000 secs)
[2017.03.05-22.10.50:597][  0]Cmd: MAP CHECKDEP NOCLEARLOG
[2017.03.05-22.10.50:627][  0]MapCheck: Info Map check complete: 0 Error(s), 0 Warning(s), took 30.046ms to complete.
[2017.03.05-22.10.50:627][  0]LogFileHelpers: Loading map 'workMap' took 0.297
[2017.03.05-22.10.50:675][  0]LogWindowsTextInputMethodSystem:Display: IME system now deactivated.
[2017.03.05-22.10.50:783][  0]LogCollectionManager: Loaded 0 collections in 0.000756 seconds
[2017.03.05-22.10.50:846][  0]LogFileCache: Scanning file cache for directory 'g:/Unreal/Work/Saved/Collections/' took 0.01s
[2017.03.05-22.10.50:846][  0]LogFileCache: Scanning file cache for directory 'g:/Unreal/Work/Content/Developers/LordDro/Collections/' took 0.01s
[2017.03.05-22.10.50:846][  0]LogFileCache: Scanning file cache for directory 'g:/Unreal/Work/Content/Collections/' took 0.01s
[2017.03.05-22.10.50:846][  0]LogCollectionManager: Rebuilt the GUID cache for 0 collections in 0.000002 seconds
[2017.03.05-22.10.50:856][  0]LogContentBrowser: Native class hierarchy populated in 0.0095 seconds. Added 2246 classes and 452 folders.
[2017.03.05-22.10.50:859][  0]LogStats: UGameplayTagsManager::ConstructGameplayTagTree: Construct from data asset -  0.000 s
[2017.03.05-22.10.50:859][  0]LogStats: UGameplayTagsManager::ConstructGameplayTagTree: GameplayTagTreeChangedEvent.Broadcast -  0.000 s
[2017.03.05-22.10.50:901][  0]LogContentBrowser: Native class hierarchy updated for 'WidgetCarousel' in 0.0011 seconds. Added 0 classes and 0 folders.
[2017.03.05-22.10.50:934][  0]LogContentBrowser: Native class hierarchy updated for 'AddContentDialog' in 0.0012 seconds. Added 0 classes and 0 folders.
[2017.03.05-22.10.50:964][  0]LogContentBrowser: Native class hierarchy updated for 'SceneOutliner' in 0.0011 seconds. Added 1 classes and 2 folders.
[2017.03.05-22.10.51:006][  0]LogCrashTracker: Crashtracker disabled due to settings.
[2017.03.05-22.10.51:014][  0]LogUObjectGlobals:Warning: Failed to find object 'Class None.'
[2017.03.05-22.10.51:066][  0]LogContentBrowser: Native class hierarchy updated for 'HierarchicalLODOutliner' in 0.0011 seconds. Added 1 classes and 2 folders.
[2017.03.05-22.10.51:066][  0]LogLoad: (Engine Initialization) Total time: 12.21 seconds
[2017.03.05-22.10.51:066][  0]LogLoad: (Engine Initialization) Total Blueprint compile time: 0.08 seconds
[2017.03.05-22.10.51:066][  0]LogExternalProfiler: Found external profiler: VSPerf
[2017.03.05-22.10.51:066][  0]LogExternalProfiler: Using external profiler: VSPerf
[2017.03.05-22.10.51:075][  0]LogOcInput: OculusInput pre-init called
[2017.03.05-22.10.51:093][  0]LogContentStreaming: Texture pool size now 1000 MB
[2017.03.05-22.10.51:094][  0]LogSlate: Took 0.000267 seconds to synchronously load lazily loaded font '../../../Engine/Content/Slate/Fonts/Roboto-Regular.ttf' (155K)
[2017.03.05-22.10.51:098][  0]LogSlate: Took 0.000175 seconds to synchronously load lazily loaded font '../../../Engine/Content/Slate/Fonts/Roboto-Bold.ttf' (160K)
[2017.03.05-22.10.51:104][  0]LogSlate: Took 0.000257 seconds to synchronously load lazily loaded font '../../../Engine/Content/Editor/Slate/Fonts/FontAwesome.ttf' (139K)
[2017.03.05-22.10.51:244][  0]LogRenderer: Reallocating scene render targets to support 804x540 NumSamples 1 (Frame:2).
[2017.03.05-22.10.51:312][  0]LogSlate: Took 0.000215 seconds to synchronously load lazily loaded font '../../../Engine/Content/Slate/Fonts/Roboto-Light.ttf' (159K)
[2017.03.05-22.10.51:464][  1]LogAssetRegistry: Asset discovery search completed in 6.4283 seconds
[2017.03.05-22.10.51:464][  1]LogCollectionManager: Rebuilt the object cache for 0 collections in 0.000006 seconds (found 0 objects)
[2017.03.05-22.10.51:464][  1]LogCollectionManager: Fixed up redirectors for 0 collections in 0.000022 seconds (updated 0 objects)
[2017.03.05-22.10.52:704][133]LogTemp: Repeting last play command: Selected Viewport
[2017.03.05-22.10.52:714][133]LogBlueprintUserMessages: Early PlayInEditor Detection: Level '/Game/workMap.workMap:PersistentLevel' has LevelScriptBlueprint '/Game/workMap.workMap:PersistentLevel.workMap' with GeneratedClass '/Game/workMap.workMap_C' with ClassGeneratedBy '/Game/workMap.workMap:PersistentLevel.workMap'
[2017.03.05-22.10.52:714][133]LogPlayLevel: PlayLevel: No blueprints needed recompiling
[2017.03.05-22.10.52:715][133]PIE: New page: PIE session: workMap (Mar 6, 2017, 4:10:52 AM)
[2017.03.05-22.10.52:715][133]LogPlayLevel: Creating play world package: /Game/UEDPIE_0_workMap
[2017.03.05-22.10.52:717][133]LogPlayLevel: PIE: StaticDuplicateObject took: (0.002455s)
[2017.03.05-22.10.52:719][133]LogAIModule: Creating AISystem for world workMap
[2017.03.05-22.10.52:719][133]LogPlayLevel: PIE: World Init took: (0.001545s)
[2017.03.05-22.10.52:719][133]LogPlayLevel: PIE: Created PIE world by copying editor world from /Game/workMap.workMap to /Game/UEDPIE_0_workMap.workMap (0.004181s)
[2017.03.05-22.10.52:736][133]LogInit: XAudio2 using 'Динамики (Устройство с поддержкой High Definition Audio)' : 2 channels at 44.1 kHz using 16 bits per sample (channel mask 0x3)
[2017.03.05-22.10.52:742][133]LogInit: FAudioDevice initialized.
[2017.03.05-22.10.52:945][133]LogLoad: Game class is 'BP_mygm_C'
[2017.03.05-22.10.52:947][133]LogWorld: Bringing World /Game/UEDPIE_0_workMap.workMap up for play (max tick rate 0) at 2017.03.06-01.10.52
[2017.03.05-22.10.52:948][133]LogWorld: Bringing up level for play took: 0.000886
[2017.03.05-22.10.52:976][133]LogContentBrowser: Native class hierarchy updated for 'MovieSceneCapture' in 0.0012 seconds. Added 11 classes and 0 folders.
[2017.03.05-22.10.52:976][133]LogGameMode:Display: Match State Changed from EnteringMap to WaitingToStart
[2017.03.05-22.10.52:976][133]LogGameState: Match State Changed from EnteringMap to WaitingToStart
[2017.03.05-22.10.52:976][133]LogGameMode:Display: Match State Changed from WaitingToStart to InProgress
[2017.03.05-22.10.52:978][133]LogGameState: Match State Changed from WaitingToStart to InProgress
[2017.03.05-22.10.52:978][133]PIE: Info Play in editor start time for /Game/UEDPIE_0_workMap 0.526
[2017.03.05-22.10.52:978][133]LogBlueprintUserMessages: Late PlayInEditor Detection: Level '/Game/workMap.workMap:PersistentLevel' has LevelScriptBlueprint '/Game/workMap.workMap:PersistentLevel.workMap' with GeneratedClass '/Game/workMap.workMap_C' with ClassGeneratedBy '/Game/workMap.workMap:PersistentLevel.workMap'
[2017.03.05-22.11.29:690][ 91]LogBlueprintUserMessages: [To_target_C_0] время движения  :5.975931 пройдено точек: 5 длина пути: 1945.924683
[2017.03.05-22.11.33:049][454]LogBlueprintUserMessages: Early EndPlayMap Detection: Level '/Game/workMap.workMap:PersistentLevel' has LevelScriptBlueprint '/Game/workMap.workMap:PersistentLevel.workMap' with GeneratedClass '/Game/workMap.workMap_C' with ClassGeneratedBy '/Game/workMap.workMap:PersistentLevel.workMap'
[2017.03.05-22.11.33:088][454]LogBlueprintUserMessages: Late EndPlayMap Detection: Level '/Game/workMap.workMap:PersistentLevel' has LevelScriptBlueprint '/Game/workMap.workMap:PersistentLevel.workMap' with GeneratedClass '/Game/workMap.workMap_C' with ClassGeneratedBy '/Game/workMap.workMap:PersistentLevel.workMap'
[2017.03.05-22.11.34:682][634]LogWindowsTextInputMethodSystem:Display: IME system now deactivated.
[2017.03.05-22.11.34:683][634]LogWindowsTextInputMethodSystem:Display: IME system now deactivated.
[2017.03.05-22.11.34:841][635]Cmd: QUIT_EDITOR
[2017.03.05-22.11.35:655][635]LogExit: Preparing to exit.
[2017.03.05-22.11.36:523][635]LogDirectoryWatcher: A directory notification for 'g:/Unreal/Work/Content/' was aborted.
[2017.03.05-22.11.36:538][635]LogExit: Editor shut down
[2017.03.05-22.11.36:538][635]LogExit: Transaction tracking system shut down
[2017.03.05-22.11.36:587][635]LogObj: Freed 0b from 0 cluster array pools.
[2017.03.05-22.11.36:587][635]LogExit: Object subsystem successfully closed.
[2017.03.05-22.11.36:607][635]LogD3D11RHI: Shutdown
[2017.03.05-22.11.36:607][635]LogD3D11RHI: CleanupD3DDevice
[2017.03.05-22.11.36:653][635]LogD3D11RHI: ~FD3D11DynamicRHI
[2017.03.05-22.11.36:660][635]LogModuleManager: Shutting down and abandoning module MovieSceneCapture (500)
[2017.03.05-22.11.36:660][635]LogModuleManager: Shutting down and abandoning module HierarchicalLODOutliner (498)
[2017.03.05-22.11.36:660][635]LogModuleManager: Shutting down and abandoning module CrashTracker (496)
[2017.03.05-22.11.36:660][635]LogModuleManager: Shutting down and abandoning module SceneOutliner (494)
[2017.03.05-22.11.36:660][635]LogModuleManager: Shutting down and abandoning module AddContentDialog (492)
[2017.03.05-22.11.36:660][635]LogDirectoryWatcher: A directory notification for 'g:/Epic Games/UE_4.15/FeaturePacks/' was aborted.
[2017.03.05-22.11.36:661][635]LogModuleManager: Shutting down and abandoning module WidgetCarousel (491)
[2017.03.05-22.11.36:661][635]LogModuleManager: Shutting down and abandoning module EditorWidgets (488)
[2017.03.05-22.11.36:661][635]LogModuleManager: Shutting down and abandoning module CollectionManager (486)
[2017.03.05-22.11.36:661][635]LogDirectoryWatcher: A directory notification for 'g:/Unreal/Work/Content/Collections/' was aborted.
[2017.03.05-22.11.36:661][635]LogDirectoryWatcher: A directory notification for 'g:/Unreal/Work/Content/Developers/LordDro/Collections/' was aborted.
[2017.03.05-22.11.36:661][635]LogDirectoryWatcher: A directory notification for 'g:/Unreal/Work/Saved/Collections/' was aborted.
[2017.03.05-22.11.36:661][635]LogModuleManager: Shutting down and abandoning module StatsViewer (484)
[2017.03.05-22.11.36:661][635]LogModuleManager: Shutting down and abandoning module FoliageEdit (482)
[2017.03.05-22.11.36:661][635]LogModuleManager: Shutting down and abandoning module LandscapeEditor (480)
[2017.03.05-22.11.36:661][635]LogModuleManager: Shutting down and abandoning module SceneDepthPickerMode (478)
[2017.03.05-22.11.36:661][635]LogModuleManager: Shutting down and abandoning module ActorPickerMode (476)
[2017.03.05-22.11.36:661][635]LogModuleManager: Shutting down and abandoning module GeometryMode (474)
[2017.03.05-22.11.36:661][635]LogModuleManager: Shutting down and abandoning module TextureAlignMode (472)
[2017.03.05-22.11.36:661][635]LogModuleManager: Shutting down and abandoning module BspMode (470)
[2017.03.05-22.11.36:661][635]LogModuleManager: Shutting down and abandoning module HardwareSurvey (468)
[2017.03.05-22.11.36:661][635]LogModuleManager: Shutting down and abandoning module SequenceRecorderSections (466)
[2017.03.05-22.11.36:661][635]LogModuleManager: Shutting down and abandoning module AutomationWorker (464)
[2017.03.05-22.11.36:661][635]LogModuleManager: Shutting down and abandoning module MatineeToLevelSequence (462)
[2017.03.05-22.11.36:661][635]LogModuleManager: Shutting down and abandoning module LevelSequenceEditor (460)
[2017.03.05-22.11.36:661][635]LogModuleManager: Shutting down and abandoning module PlacementMode (459)
[2017.03.05-22.11.36:661][635]LogModuleManager: Shutting down and abandoning module WmfMediaFactory (456)
[2017.03.05-22.11.36:661][635]LogModuleManager: Shutting down and abandoning module WmfMediaEditor (454)
[2017.03.05-22.11.36:661][635]LogModuleManager: Shutting down and abandoning module MfMediaFactory (452)
[2017.03.05-22.11.36:661][635]LogModuleManager: Shutting down and abandoning module MfMediaEditor (450)
[2017.03.05-22.11.36:661][635]LogModuleManager: Shutting down and abandoning module AvfMediaFactory (448)
[2017.03.05-22.11.36:661][635]LogModuleManager: Shutting down and abandoning module AvfMediaEditor (446)
[2017.03.05-22.11.36:661][635]LogModuleManager: Shutting down and abandoning module AndroidMediaFactory (444)
[2017.03.05-22.11.36:661][635]LogModuleManager: Shutting down and abandoning module Media (443)
[2017.03.05-22.11.36:661][635]LogModuleManager: Shutting down and abandoning module AndroidMediaEditor (440)
[2017.03.05-22.11.36:661][635]LogModuleManager: Shutting down and abandoning module CharacterAI (438)
[2017.03.05-22.11.36:661][635]LogModuleManager: Shutting down and abandoning module AudioCapture (436)
[2017.03.05-22.11.36:661][635]LogModuleManager: Shutting down and abandoning module SequenceRecorder (435)
[2017.03.05-22.11.36:661][635]LogModuleManager: Shutting down and abandoning module SmartSnapping (432)
[2017.03.05-22.11.36:661][635]LogModuleManager: Shutting down and abandoning module SessionServices (430)
[2017.03.05-22.11.36:661][635]LogModuleManager: Shutting down and abandoning module ViewportSnapping (428)
[2017.03.05-22.11.36:661][635]LogModuleManager: Shutting down and abandoning module ViewportInteraction (426)
[2017.03.05-22.11.36:661][635]LogModuleManager: Shutting down and abandoning module LogVisualizer (424)
[2017.03.05-22.11.36:661][635]LogModuleManager: Shutting down and abandoning module IntroTutorials (422)
[2017.03.05-22.11.36:661][635]LogModuleManager: Shutting down and abandoning module GameProjectGeneration (421)
[2017.03.05-22.11.36:661][635]LogModuleManager: Shutting down and abandoning module EditorLiveStreaming (418)
[2017.03.05-22.11.36:661][635]LogModuleManager: Shutting down and abandoning module IOSPlatformEditor (416)
[2017.03.05-22.11.36:661][635]LogModuleManager: Shutting down and abandoning module HTML5PlatformEditor (414)
[2017.03.05-22.11.36:662][635]LogModuleManager: Shutting down and abandoning module AndroidPlatformEditor (412)
[2017.03.05-22.11.36:662][635]LogModuleManager: Shutting down and abandoning module AndroidDeviceDetection (411)
[2017.03.05-22.11.37:373][635]LogModuleManager: Shutting down and abandoning module IOSRuntimeSettings (408)
[2017.03.05-22.11.37:373][635]LogModuleManager: Shutting down and abandoning module AndroidRuntimeSettings (406)
[2017.03.05-22.11.37:373][635]LogModuleManager: Shutting down and abandoning module InputBindingEditor (404)
[2017.03.05-22.11.37:373][635]LogModuleManager: Shutting down and abandoning module NiagaraEditor (402)
[2017.03.05-22.11.37:373][635]LogModuleManager: Shutting down and abandoning module MergeActors (400)
[2017.03.05-22.11.37:373][635]LogModuleManager: Shutting down and abandoning module SizeMap (398)
[2017.03.05-22.11.37:373][635]LogModuleManager: Shutting down and abandoning module TreeMap (396)
[2017.03.05-22.11.37:373][635]LogModuleManager: Shutting down and abandoning module ReferenceViewer (394)
[2017.03.05-22.11.37:373][635]LogModuleManager: Shutting down and abandoning module LocalizationDashboard (392)
[2017.03.05-22.11.37:373][635]LogModuleManager: Shutting down and abandoning module LocalizationService (391)
[2017.03.05-22.11.37:373][635]LogModuleManager: Shutting down and abandoning module HardwareTargeting (388)
[2017.03.05-22.11.37:373][635]LogModuleManager: Shutting down and abandoning module DeviceProfileEditor (386)
[2017.03.05-22.11.37:373][635]LogModuleManager: Shutting down and abandoning module UndoHistory (384)
[2017.03.05-22.11.37:373][635]LogModuleManager: Shutting down and abandoning module UserFeedback (382)
[2017.03.05-22.11.37:373][635]LogModuleManager: Shutting down and abandoning module XmlParser (380)
[2017.03.05-22.11.37:374][635]LogModuleManager: Shutting down and abandoning module Blutility (378)
[2017.03.05-22.11.37:374][635]LogModuleManager: Shutting down and abandoning module ProjectSettingsViewer (376)
[2017.03.05-22.11.37:374][635]LogModuleManager: Shutting down and abandoning module ProjectTargetPlatformEditor (375)
[2017.03.05-22.11.37:374][635]LogModuleManager: Shutting down and abandoning module EditorSettingsViewer (372)
[2017.03.05-22.11.37:374][635]LogModuleManager: Shutting down and abandoning module SettingsEditor (370)
[2017.03.05-22.11.37:374][635]LogModuleManager: Shutting down and abandoning module ProjectLauncher (368)
[2017.03.05-22.11.37:374][635]LogModuleManager: Shutting down and abandoning module SessionFrontend (366)
[2017.03.05-22.11.37:374][635]LogModuleManager: Shutting down and abandoning module ProfilerClient (364)
[2017.03.05-22.11.37:374][635]LogModuleManager: Shutting down and abandoning module DeviceManager (362)
[2017.03.05-22.11.37:374][635]LogModuleManager: Shutting down and abandoning module TargetDeviceServices (361)
[2017.03.05-22.11.37:417][635]LogModuleManager: Shutting down and abandoning module AutomationController (358)
[2017.03.05-22.11.37:417][635]LogModuleManager: Shutting down and abandoning module AutomationWindow (356)
[2017.03.05-22.11.37:417][635]LogModuleManager: Shutting down and abandoning module Layers (354)
[2017.03.05-22.11.37:417][635]LogModuleManager: Shutting down and abandoning module ComponentVisualizers (352)
[2017.03.05-22.11.37:417][635]LogModuleManager: Shutting down and abandoning module DetailCustomizations (350)
[2017.03.05-22.11.37:417][635]LogModuleManager: Shutting down and abandoning module PackagesDialog (348)
[2017.03.05-22.11.37:417][635]LogModuleManager: Shutting down and abandoning module Persona (346)
[2017.03.05-22.11.37:417][635]LogModuleManager: Shutting down and abandoning module AnimGraph (345)
[2017.03.05-22.11.37:417][635]LogModuleManager: Shutting down and abandoning module Kismet (342)
[2017.03.05-22.11.37:418][635]LogModuleManager: Shutting down and abandoning module GraphEditor (340)
[2017.03.05-22.11.37:418][635]LogModuleManager: Shutting down and abandoning module ClassViewer (338)
[2017.03.05-22.11.37:418][635]LogModuleManager: Shutting down and abandoning module Toolbox (336)
[2017.03.05-22.11.37:418][635]LogModuleManager: Shutting down and abandoning module ModuleUI (334)
[2017.03.05-22.11.37:418][635]LogModuleManager: Shutting down and abandoning module MovieSceneTools (332)
[2017.03.05-22.11.37:418][635]LogModuleManager: Shutting down and abandoning module OutputLog (330)
[2017.03.05-22.11.37:418][635]LogModuleManager: Shutting down and abandoning module GammaUI (328)
[2017.03.05-22.11.37:418][635]LogModuleManager: Shutting down and abandoning module Documentation (326)
[2017.03.05-22.11.37:418][635]LogModuleManager: Shutting down and abandoning module Niagara (324)
[2017.03.05-22.11.37:418][635]LogModuleManager: Shutting down and abandoning module StreamingPauseRendering (322)
[2017.03.05-22.11.37:418][635]LogModuleManager: Shutting down and abandoning module AnalyticsET (320)
[2017.03.05-22.11.37:418][635]LogModuleManager: Shutting down and abandoning module PortalServices (318)
[2017.03.05-22.11.37:418][635]LogModuleManager: Shutting down and abandoning module PortalRpc (316)
[2017.03.05-22.11.37:418][635]LogModuleManager: Shutting down and abandoning module MessagingRpc (314)
[2017.03.05-22.11.37:418][635]LogModuleManager: Shutting down and abandoning module AIModule (312)
[2017.03.05-22.11.37:418][635]LogModuleManager: Shutting down and abandoning module GameplayDebugger (311)
[2017.03.05-22.11.37:418][635]LogModuleManager: Shutting down and abandoning module AITestSuite (309)
[2017.03.05-22.11.37:418][635]LogModuleManager: Shutting down and abandoning module ProfilerService (306)
[2017.03.05-22.11.37:419][635]LogModuleManager: Shutting down and abandoning module TaskGraph (304)
[2017.03.05-22.11.37:419][635]LogModuleManager: Shutting down and abandoning module SteamVRController (302)
[2017.03.05-22.11.37:419][635]LogModuleManager: Shutting down and abandoning module SteamVR (300)
[2017.03.05-22.11.37:419][635]LogModuleManager: Shutting down and abandoning module ProceduralMeshComponentEditor (298)
[2017.03.05-22.11.37:419][635]LogModuleManager: Shutting down and abandoning module ProceduralMeshComponent (296)
[2017.03.05-22.11.37:419][635]LogModuleManager: Shutting down and abandoning module OculusLibrary (294)
[2017.03.05-22.11.37:419][635]LogModuleManager: Shutting down and abandoning module OculusInput (292)
[2017.03.05-22.11.37:419][635]LogModuleManager: Shutting down and abandoning module MobilePatchingUtils (290)
[2017.03.05-22.11.37:419][635]LogModuleManager: Shutting down and abandoning module CustomMeshComponent (288)
[2017.03.05-22.11.37:419][635]LogModuleManager: Shutting down and abandoning module CableComponent (286)
[2017.03.05-22.11.37:419][635]LogModuleManager: Shutting down and abandoning module ArchVisCharacter (284)
[2017.03.05-22.11.37:419][635]LogModuleManager: Shutting down and abandoning module MediaPlayerEditor (280)
[2017.03.05-22.11.37:420][635]LogModuleManager: Shutting down and abandoning module HTML5Networking (278)
[2017.03.05-22.11.37:420][635]LogModuleManager: Shutting down and abandoning module AlembicImporter (276)
[2017.03.05-22.11.37:420][635]LogModuleManager: Shutting down and abandoning module AlembicLibrary (275)
[2017.03.05-22.11.37:420][635]LogModuleManager: Shutting down and abandoning module GeometryCache (274)
[2017.03.05-22.11.37:420][635]LogModuleManager: Shutting down and abandoning module GeometryCacheEd (273)
[2017.03.05-22.11.37:420][635]LogModuleManager: Shutting down and abandoning module SuperSearchEditor (268)
[2017.03.05-22.11.37:420][635]LogModuleManager: Shutting down and abandoning module SuperSearch (267)
[2017.03.05-22.11.37:420][635]LogModuleManager: Shutting down and abandoning module SpeedTreeImporter (264)
[2017.03.05-22.11.37:420][635]LogModuleManager: Shutting down and abandoning module PluginBrowser (262)
[2017.03.05-22.11.37:420][635]LogModuleManager: Shutting down and abandoning module MobileLauncherProfileWizard (260)
[2017.03.05-22.11.37:420][635]LogModuleManager: Shutting down and abandoning module EpicSurvey (258)
[2017.03.05-22.11.37:420][635]LogModuleManager: Shutting down and abandoning module VisualStudioSourceCodeAccess (256)
[2017.03.05-22.11.37:420][635]LogModuleManager: Shutting down and abandoning module DesktopPlatform (255)
[2017.03.05-22.11.37:420][635]LogModuleManager: Shutting down and abandoning module UObjectPlugin (252)
[2017.03.05-22.11.37:420][635]LogModuleManager: Shutting down and abandoning module SubversionSourceControl (250)
[2017.03.05-22.11.37:420][635]LogModuleManager: Shutting down and abandoning module PerforceSourceControl (248)
[2017.03.05-22.11.37:420][635]LogModuleManager: Shutting down and abandoning module GitSourceControl (246)
[2017.03.05-22.11.37:420][635]LogModuleManager: Shutting down and abandoning module SourceControl (245)
[2017.03.05-22.11.37:420][635]LogModuleManager: Shutting down and abandoning module LightPropagationVolumeEditor (242)
[2017.03.05-22.11.37:420][635]LogModuleManager: Shutting down and abandoning module PaperTiledImporter (240)
[2017.03.05-22.11.37:420][635]LogModuleManager: Shutting down and abandoning module PaperSpriteSheetImporter (238)
[2017.03.05-22.11.37:420][635]LogModuleManager: Shutting down and abandoning module Paper2DEditor (236)
[2017.03.05-22.11.37:420][635]LogModuleManager: Shutting down and abandoning module MeshPaint (235)
[2017.03.05-22.11.37:420][635]LogModuleManager: Shutting down and abandoning module LevelEditor (233)
[2017.03.05-22.11.37:421][635]LogModuleManager: Shutting down and abandoning module PixelInspectorModule (232)
[2017.03.05-22.11.37:421][635]LogModuleManager: Shutting down and abandoning module MainFrame (230)
[2017.03.05-22.11.37:421][635]LogModuleManager: Shutting down and abandoning module HotReload (229)
[2017.03.05-22.11.37:422][635]LogDirectoryWatcher: A directory notification for 'g:/Unreal/Work/Binaries/Win64' was aborted.
[2017.03.05-22.11.37:422][635]LogModuleManager: Shutting down and abandoning module ContentBrowser (225)
[2017.03.05-22.11.37:423][635]LogModuleManager: Shutting down and abandoning module Work (222)
[2017.03.05-22.11.37:423][635]LogModuleManager: Shutting down and abandoning module PhysXVehiclesEditor (220)
[2017.03.05-22.11.37:423][635]LogModuleManager: Shutting down and abandoning module PhysXVehicles (218)
[2017.03.05-22.11.37:423][635]LogModuleManager: Shutting down and abandoning module LocationServicesBPLibrary (216)
[2017.03.05-22.11.37:424][635]LogModuleManager: Shutting down and abandoning module UdpMessaging (214)
[2017.03.05-22.11.37:525][635]LogModuleManager: Shutting down and abandoning module TcpMessaging (212)
[2017.03.05-22.11.37:626][635]LogModuleManager: Shutting down and abandoning module GameplayTagsEditor (210)
[2017.03.05-22.11.37:626][635]LogModuleManager: Shutting down and abandoning module FacialAnimationEditor (208)
[2017.03.05-22.11.37:626][635]LogModuleManager: Shutting down and abandoning module FacialAnimation (206)
[2017.03.05-22.11.37:626][635]LogModuleManager: Shutting down and abandoning module LightPropagationVolumeRuntime (204)
[2017.03.05-22.11.37:626][635]LogModuleManager: Shutting down and abandoning module Paper2D (202)
[2017.03.05-22.11.37:626][635]LogModuleManager: Shutting down and abandoning module WindowsMoviePlayer (200)
[2017.03.05-22.11.37:626][635]LogModuleManager: Shutting down and abandoning module WmfMedia (198)
[2017.03.05-22.11.37:626][635]LogModuleManager: Shutting down and abandoning module MfMedia (196)
[2017.03.05-22.11.37:626][635]LogModuleManager: Shutting down and abandoning module MediaAssets (194)
[2017.03.05-22.11.37:626][635]LogModuleManager: Shutting down and abandoning module GameLiveStreaming (192)
[2017.03.05-22.11.37:626][635]LogModuleManager: Shutting down and abandoning module VREditor (190)
[2017.03.05-22.11.37:626][635]LogModuleManager: Shutting down and abandoning module GameplayTasksEditor (188)
[2017.03.05-22.11.37:626][635]LogModuleManager: Shutting down and abandoning module BehaviorTreeEditor (186)
[2017.03.05-22.11.37:626][635]LogModuleManager: Shutting down and abandoning module FunctionalTesting (184)
[2017.03.05-22.11.37:626][635]LogModuleManager: Shutting down and abandoning module CollisionAnalyzer (182)
[2017.03.05-22.11.37:626][635]LogModuleManager: Shutting down and abandoning module UMG (180)
[2017.03.05-22.11.37:626][635]LogModuleManager: Shutting down and abandoning module UMGEditor (179)
[2017.03.05-22.11.37:626][635]LogModuleManager: Shutting down and abandoning module Sequencer (178)
[2017.03.05-22.11.37:626][635]LogModuleManager: Shutting down and abandoning module AssetTools (176)
[2017.03.05-22.11.37:626][635]LogModuleManager: Shutting down and abandoning module MessageLog (175)
[2017.03.05-22.11.37:626][635]LogModuleManager: Shutting down and abandoning module WorkspaceMenuStructure (174)
[2017.03.05-22.11.37:626][635]LogModuleManager: Shutting down and abandoning module SlateReflector (168)
[2017.03.05-22.11.37:626][635]LogModuleManager: Shutting down and abandoning module Slate (166)
[2017.03.05-22.11.37:626][635]LogModuleManager: Shutting down and abandoning module EditorStyle (164)
[2017.03.05-22.11.37:630][635]LogModuleManager: Shutting down and abandoning module SourceCodeAccess (162)
[2017.03.05-22.11.37:630][635]LogModuleManager: Shutting down and abandoning module HeadMountedDisplay (160)
[2017.03.05-22.11.37:630][635]LogModuleManager: Shutting down and abandoning module XAudio2 (158)
[2017.03.05-22.11.37:630][635]LogModuleManager: Shutting down and abandoning module Networking (156)
[2017.03.05-22.11.37:630][635]LogModuleManager: Shutting down and abandoning module Core (152)
[2017.03.05-22.11.37:630][635]LogModuleManager: Shutting down and abandoning module AssetRegistry (150)
[2017.03.05-22.11.37:694][635]LogDirectoryWatcher: A directory notification for '../../../Engine/Content/' was aborted.
[2017.03.05-22.11.37:694][635]LogDirectoryWatcher: A directory notification for '../../../../../Unreal/Work/Content/' was aborted.
[2017.03.05-22.11.37:694][635]LogDirectoryWatcher: A directory notification for '../../../Engine/Plugins/2D/Paper2D/Content/' was aborted.
[2017.03.05-22.11.37:694][635]LogModuleManager: Shutting down and abandoning module DirectoryWatcher (149)
[2017.03.05-22.11.37:694][635]LogModuleManager: Shutting down and abandoning module KismetCompiler (146)
[2017.03.05-22.11.37:694][635]LogModuleManager: Shutting down and abandoning module PhysXFormats (144)
[2017.03.05-22.11.37:694][635]LogModuleManager: Shutting down and abandoning module MeshUtilities (142)
[2017.03.05-22.11.37:694][635]LogModuleManager: Shutting down and abandoning module SimplygonSwarm (141)
[2017.03.05-22.11.37:694][635]LogModuleManager: Shutting down and abandoning module SimplygonMeshReduction (139)
[2017.03.05-22.11.37:694][635]LogModuleManager: Shutting down and abandoning module QuadricMeshReduction (137)
[2017.03.05-22.11.37:694][635]LogModuleManager: Shutting down and abandoning module PropertyEditor (135)
[2017.03.05-22.11.37:694][635]LogModuleManager: Shutting down and abandoning module DerivedDataCache (132)
[2017.03.05-22.11.38:207][635]LogDerivedDataCache: Shutdown
[2017.03.05-22.11.38:207][635]LogModuleManager: Shutting down and abandoning module TargetPlatform (130)
[2017.03.05-22.11.38:207][635]LogModuleManager: Shutting down and abandoning module VulkanShaderFormat (129)
[2017.03.05-22.11.38:207][635]LogModuleManager: Shutting down and abandoning module ShaderFormatOpenGL (127)
[2017.03.05-22.11.38:207][635]LogModuleManager: Shutting down and abandoning module ShaderFormatD3D (125)
[2017.03.05-22.11.38:207][635]LogModuleManager: Shutting down and abandoning module MetalShaderFormat (123)
[2017.03.05-22.11.38:207][635]LogModuleManager: Shutting down and abandoning module TextureFormatUncompressed (121)
[2017.03.05-22.11.38:207][635]LogModuleManager: Shutting down and abandoning module TextureFormatPVR (119)
[2017.03.05-22.11.38:207][635]LogModuleManager: Shutting down and abandoning module TextureFormatDXT (117)
[2017.03.05-22.11.38:207][635]LogModuleManager: Shutting down and abandoning module TextureFormatIntelISPCTexComp (115)
[2017.03.05-22.11.38:207][635]LogModuleManager: Shutting down and abandoning module TextureFormatASTC (113)
[2017.03.05-22.11.38:207][635]LogModuleManager: Shutting down and abandoning module ImageWrapper (112)
[2017.03.05-22.11.38:207][635]LogModuleManager: Shutting down and abandoning module TextureFormatAndroid (109)
[2017.03.05-22.11.38:207][635]LogModuleManager: Shutting down and abandoning module AudioFormatOpus (107)
[2017.03.05-22.11.38:207][635]LogModuleManager: Shutting down and abandoning module AudioFormatOgg (105)
[2017.03.05-22.11.38:207][635]LogModuleManager: Shutting down and abandoning module AudioFormatADPCM (103)
[2017.03.05-22.11.38:207][635]LogModuleManager: Shutting down and abandoning module LinuxTargetPlatform (101)
[2017.03.05-22.11.38:207][635]LogModuleManager: Shutting down and abandoning module LinuxServerTargetPlatform (99)
[2017.03.05-22.11.38:207][635]LogModuleManager: Shutting down and abandoning module LinuxNoEditorTargetPlatform (97)
[2017.03.05-22.11.38:207][635]LogModuleManager: Shutting down and abandoning module LinuxClientTargetPlatform (95)
[2017.03.05-22.11.38:207][635]LogModuleManager: Shutting down and abandoning module TVOSTargetPlatform (93)
[2017.03.05-22.11.38:207][635]LogModuleManager: Shutting down and abandoning module Messaging (91)
[2017.03.05-22.11.38:208][635]LogModuleManager: Shutting down and abandoning module IOSTargetPlatform (89)
[2017.03.05-22.11.38:208][635]LogModuleManager: Shutting down and abandoning module HTML5TargetPlatform (87)
[2017.03.05-22.11.38:208][635]LogModuleManager: Shutting down and abandoning module Android_PVRTCTargetPlatform (85)
[2017.03.05-22.11.38:208][635]LogModuleManager: Shutting down and abandoning module Android_MultiTargetPlatform (83)
[2017.03.05-22.11.38:208][635]LogModuleManager: Shutting down and abandoning module Android_ETC2TargetPlatform (81)
[2017.03.05-22.11.38:208][635]LogModuleManager: Shutting down and abandoning module Android_ETC1TargetPlatform (79)
[2017.03.05-22.11.38:208][635]LogModuleManager: Shutting down and abandoning module Android_DXTTargetPlatform (77)
[2017.03.05-22.11.38:208][635]LogModuleManager: Shutting down and abandoning module Android_ATCTargetPlatform (75)
[2017.03.05-22.11.38:208][635]LogModuleManager: Shutting down and abandoning module Android_ASTCTargetPlatform (73)
[2017.03.05-22.11.38:208][635]LogModuleManager: Shutting down and abandoning module AndroidTargetPlatform (71)
[2017.03.05-22.11.38:208][635]LogModuleManager: Shutting down and abandoning module WindowsTargetPlatform (69)
[2017.03.05-22.11.38:208][635]LogModuleManager: Shutting down and abandoning module WindowsServerTargetPlatform (67)
[2017.03.05-22.11.38:208][635]LogModuleManager: Shutting down and abandoning module WindowsNoEditorTargetPlatform (65)
[2017.03.05-22.11.38:208][635]LogModuleManager: Shutting down and abandoning module WindowsClientTargetPlatform (63)
[2017.03.05-22.11.38:208][635]LogModuleManager: Shutting down and abandoning module MacTargetPlatform (61)
[2017.03.05-22.11.38:208][635]LogModuleManager: Shutting down and abandoning module MacServerTargetPlatform (59)
[2017.03.05-22.11.38:208][635]LogModuleManager: Shutting down and abandoning module MacNoEditorTargetPlatform (57)
[2017.03.05-22.11.38:208][635]LogModuleManager: Shutting down and abandoning module MacClientTargetPlatform (55)
[2017.03.05-22.11.38:208][635]LogModuleManager: Shutting down and abandoning module AllDesktopTargetPlatform (53)
[2017.03.05-22.11.38:208][635]LogModuleManager: Shutting down and abandoning module InputCore (50)
[2017.03.05-22.11.38:208][635]LogModuleManager: Shutting down and abandoning module Settings (48)
[2017.03.05-22.11.38:208][635]LogModuleManager: Shutting down and abandoning module OculusRift (46)
[2017.03.05-22.11.38:208][635]LogModuleManager: Shutting down and abandoning module ExampleDeviceProfileSelector (44)
[2017.03.05-22.11.38:208][635]LogModuleManager: Shutting down and abandoning module OnlineBlueprintSupport (42)
[2017.03.05-22.11.38:208][635]LogModuleManager: Shutting down and abandoning module OnlineSubsystem (38)
[2017.03.05-22.11.38:208][635]LogOnline:Display: Unloading online subsystem: NULL
[2017.03.05-22.11.38:208][635]LogModuleManager: Shutting down and abandoning module XMPP (37)
[2017.03.05-22.11.38:208][635]LogModuleManager: Shutting down and abandoning module HTTP (35)
[2017.03.05-22.11.38:208][635]LogHttp:Display: Http module shutting down, but needs to wait on 1 outstanding Http requests:
[2017.03.05-22.11.38:208][635]LogHttp:Display: 	verb=[POST] url=[https://datarouter.ol.epicgames.com/datarouter/api/v1/public/data?SessionID=%7B062D663A-45FD-2571-A62A-2C97FDB253C7%7D&AppID=UEEditor.Rocket.Release&AppVersion=4.15.0-3299760%2B%2B%2BUE4%2BRelease-4.15&UserID=694aa9f84152053a2cbddea17ce7ace1%7Cd82ef6f62a73403bb32e63c5b473f281%7C458a7f19-b7a6-4f99-b148-950ac757abce&AppEnvironment=datacollector-binary&UploadType=eteventstream] status=Processing
[2017.03.05-22.11.38:230][635]LogModuleManager: Shutting down and abandoning module SSL (34)
[2017.03.05-22.11.38:232][635]LogModuleManager: Shutting down and abandoning module AudioEditor (30)
[2017.03.05-22.11.38:232][635]LogModuleManager: Shutting down and abandoning module TextureCompressor (28)
[2017.03.05-22.11.38:233][635]LogModuleManager: Shutting down and abandoning module ShaderCore (26)
[2017.03.05-22.11.38:233][635]LogModuleManager: Shutting down and abandoning module Landscape (24)
[2017.03.05-22.11.38:233][635]LogModuleManager: Shutting down and abandoning module SlateRHIRenderer (22)
[2017.03.05-22.11.38:234][635]LogModuleManager: Shutting down and abandoning module OpenGLDrv (20)
[2017.03.05-22.11.38:234][635]LogModuleManager: Shutting down and abandoning module D3D11RHI (18)
[2017.03.05-22.11.38:234][635]LogModuleManager: Shutting down and abandoning module AnimGraphRuntime (16)
[2017.03.05-22.11.38:234][635]LogModuleManager: Shutting down and abandoning module Renderer (14)
[2017.03.05-22.11.38:234][635]LogModuleManager: Shutting down and abandoning module Engine (12)
[2017.03.05-22.11.38:234][635]LogModuleManager: Shutting down and abandoning module CoreUObject (10)
[2017.03.05-22.11.38:234][635]LogModuleManager: Shutting down and abandoning module NetworkFile (8)
[2017.03.05-22.11.38:234][635]LogModuleManager: Shutting down and abandoning module StreamingFile (6)
[2017.03.05-22.11.38:234][635]LogModuleManager: Shutting down and abandoning module SandboxFile (4)
[2017.03.05-22.11.38:234][635]LogModuleManager: Shutting down and abandoning module PakFile (2)
[2017.03.05-22.11.38:237][635]LogExit: Exiting.
[2017.03.05-22.11.38:239][635]Log file closed, 03/06/17 01:11:38
