Log file open, 03/03/17 04:19:59
LogInit:Display: Running engine for game: Work
LogPlatformFile: Not using cached read wrapper
LogInit:Display: RandInit(-1745751787) SRandInit(-1745751787).
LogTaskGraph: Started task graph with 5 named threads and 8 total threads with 1 sets of task threads.
LogStats: Stats thread started at 0.335173
LogInit: Using libcurl 7.47.1
LogInit:  - built for x86_64-pc-win32
LogInit:  - supports SSL with OpenSSL/1.0.2g
LogInit:  - supports HTTP deflate (compression) using libz 1.2.8
LogInit:  - other features:
LogInit:      CURL_VERSION_SSL
LogInit:      CURL_VERSION_LIBZ
LogInit:      CURL_VERSION_IPV6
LogInit:      CURL_VERSION_ASYNCHDNS
LogInit:      CURL_VERSION_LARGEFILE
LogInit:      CURL_VERSION_IDN
LogInit:  CurlRequestOptions (configurable via config and command line):
LogInit:  - bVerifyPeer = false  - Libcurl will NOT verify peer certificate
LogInit:  - bUseHttpProxy = false  - Libcurl will NOT use HTTP proxy
LogInit:  - bDontReuseConnections = false  - Libcurl will reuse connections
LogInit:  - CertBundlePath = nullptr  - Libcurl will use whatever was configured at build time.
LogInit: Build: ++UE4+Release-4.15-CL-3299760
LogInit: Engine Version: 4.15.0-3299760+++UE4+Release-4.15
LogInit: Compatible Engine Version: 4.15.0-3299760+++UE4+Release-4.15
LogInit: Net CL: 3299760
LogDevObjectVersion: Number of dev versions registered: 14
LogDevObjectVersion:   Dev-Blueprints (B0D832E4-1F89-4F0D-ACCF-7EB736FD4AA2): 8
LogDevObjectVersion:   Dev-Build (E1C64328-A22C-4D53-A36C-8E866417BD8C): 0
LogDevObjectVersion:   Dev-Core (375EC13C-06E4-48FB-B500-84F0262A717E): 2
LogDevObjectVersion:   Dev-Editor (E4B068ED-F494-42E9-A231-DA0B2E46BB41): 14
LogDevObjectVersion:   Dev-Framework (CFFC743F-43B0-4480-9391-14DF171D2073): 22
LogDevObjectVersion:   Dev-Mobile (B02B49B5-BB20-44E9-A304-32B752E40360): 0
LogDevObjectVersion:   Dev-Networking (A4E4105C-59A1-49B5-A7C5-40C4547EDFEE): 0
LogDevObjectVersion:   Dev-Online (39C831C9-5AE6-47DC-9A44-9C173E1C8E7C): 0
LogDevObjectVersion:   Dev-Physics (78F01B33-EBEA-4F98-B9B4-84EACCB95AA2): 0
LogDevObjectVersion:   Dev-Platform (6631380F-2D4D-43E0-8009-CF276956A95A): 0
LogDevObjectVersion:   Dev-Rendering (12F88B9F-8875-4AFC-A67C-D90C383ABD29): 12
LogDevObjectVersion:   Dev-Sequencer (7B5AE74C-D270-4C10-A958-57980B212A5A): 3
LogDevObjectVersion:   Dev-VR (D7296918-1DD6-4BDD-9DE2-64A83CC13884): 0
LogDevObjectVersion:   Dev-LoadTimes (C2A15278-BFE7-4AFE-6C17-90FF531DF755): 1
LogInit: Compiled (64-bit): Feb 14 2017 02:04:14
LogInit: Compiled with Visual C++: 19.00.23026.00
LogInit: Build Configuration: Development
LogInit: Branch Name: ++UE4+Release-4.15
LogInit: Command line:  -skipcompile
LogInit: Base directory: g:/Epic Games/UE_4.15/Engine/Binaries/Win64/
LogInit: Installed Engine Build: 1
LogInit: Presizing for max 8388607 objects, including 0 objects not considered by GC, pre-allocating 0 bytes for permanent pool.
LogInit: Object subsystem initialized
[2017.03.03-01.20.00:100][  0]LogInit: Selected Device Profile: [Windows]
[2017.03.03-01.20.00:100][  0]LogInit: Applying CVar settings loaded from the selected device profile: [Windows]
[2017.03.03-01.20.00:109][  0]LogInit: Computer: SUPERDRO
[2017.03.03-01.20.00:109][  0]LogInit: User: LordDro
[2017.03.03-01.20.00:109][  0]LogInit: CPU Page size=65536, Cores=4
[2017.03.03-01.20.00:109][  0]LogInit: High frequency timer resolution =3.215353 MHz
[2017.03.03-01.20.00:110][  0]LogMemory: Memory total: Physical=7.9GB (8GB approx)
[2017.03.03-01.20.00:110][  0]LogMemory: Platform Memory Stats for Windows
[2017.03.03-01.20.00:110][  0]LogMemory: Process Physical Memory: 261.22 MB used, 261.22 MB peak
[2017.03.03-01.20.00:110][  0]LogMemory: Process Virtual Memory: 262.11 MB used, 262.11 MB peak
[2017.03.03-01.20.00:110][  0]LogMemory: Physical Memory: 3685.79 MB used,  4452.35 MB free, 8138.14 MB total
[2017.03.03-01.20.00:110][  0]LogMemory: Virtual Memory: 625.43 MB used,  4452.35 MB free, 134217728.00 MB total
[2017.03.03-01.20.00:224][  0]LogTextLocalizationManager: No translations for ('ru-RU') exist, falling back to 'en' for localization and internationalization data.
[2017.03.03-01.20.00:801][  0]LogD3D11RHI: D3D11 adapters:
[2017.03.03-01.20.00:836][  0]LogD3D11RHI:    0. 'NVIDIA GeForce GTX 650' (Feature Level 11_0)
[2017.03.03-01.20.00:836][  0]LogD3D11RHI:       965/0/3072 MB DedicatedVideo/DedicatedSystem/SharedSystem, Outputs:1, VendorId:0x10de
[2017.03.03-01.20.00:840][  0]LogD3D11RHI:    1. 'Microsoft Basic Render Driver' (Feature Level 11_0)
[2017.03.03-01.20.00:840][  0]LogD3D11RHI:       0/0/256 MB DedicatedVideo/DedicatedSystem/SharedSystem, Outputs:0, VendorId:0x1414
[2017.03.03-01.20.00:840][  0]LogD3D11RHI: Chosen D3D11 Adapter: 0
[2017.03.03-01.20.00:844][  0]LogD3D11RHI: Creating new Direct3DDevice
[2017.03.03-01.20.00:844][  0]LogD3D11RHI:     GPU DeviceId: 0xfc6 (for the marketing name, search the web for "GPU Device Id")
[2017.03.03-01.20.00:844][  0]LogWindows: EnumDisplayDevices:
[2017.03.03-01.20.00:844][  0]LogWindows:    0. 'NVIDIA GeForce GTX 650' (P:1 D:1)
[2017.03.03-01.20.00:844][  0]LogWindows:    1. 'NVIDIA GeForce GTX 650' (P:0 D:0)
[2017.03.03-01.20.00:844][  0]LogWindows:    2. 'NVIDIA GeForce GTX 650' (P:0 D:0)
[2017.03.03-01.20.00:844][  0]LogWindows: DebugString: FoundDriverCount:3 
[2017.03.03-01.20.00:844][  0]LogD3D11RHI:     Adapter Name: NVIDIA GeForce GTX 650
[2017.03.03-01.20.00:844][  0]LogD3D11RHI:   Driver Version: 378.49 (internal:21.21.13.7849, unified:378.49)
[2017.03.03-01.20.00:844][  0]LogD3D11RHI:      Driver Date: 1-20-2017
[2017.03.03-01.20.00:844][  0]LogRHI: Texture pool is 675 MB (70% of 965 MB)
[2017.03.03-01.20.00:856][  0]LogD3D11RHI:Warning: Timestamp queries are currently disabled on this hardware due to instability. Realtime GPU stats will not be available. You can override this behaviour by setting r.NVIDIATimestampWorkaround to 0
[2017.03.03-01.20.00:857][  0]LogD3D11RHI: Async texture creation enabled
[2017.03.03-01.20.00:874][  0]LogD3D11RHI: GPU Timing Frequency: 1000.000000 (Debug: 2 2)
[2017.03.03-01.20.00:922][  0]LogShaderCompilers: Guid format shader working directory is 21 characters bigger than the processId version (../../../../../Unreal/Work/Intermediate/Shaders/WorkingDirectory/13028/).
[2017.03.03-01.20.00:922][  0]LogShaderCompilers: Cleaned the shader compiler working directory 'C:/Users/LordDro/AppData/Local/Temp/UnrealShaderWorkingDir/D056CC2B41BA0188F7C2A693BD4E9B36/'.
[2017.03.03-01.20.00:922][  0]LogShaderCompilers:Display: Using Local Shader Compiler.
[2017.03.03-01.20.01:929][  0]LogTemp:Display: Loaded TP AllDesktopTargetPlatform
[2017.03.03-01.20.01:976][  0]LogTemp:Display: Loaded TP MacClientTargetPlatform
[2017.03.03-01.20.02:022][  0]LogTemp:Display: Loaded TP MacNoEditorTargetPlatform
[2017.03.03-01.20.02:068][  0]LogTemp:Display: Loaded TP MacServerTargetPlatform
[2017.03.03-01.20.02:115][  0]LogTemp:Display: Loaded TP MacTargetPlatform
[2017.03.03-01.20.02:162][  0]LogTemp:Display: Loaded TP WindowsClientTargetPlatform
[2017.03.03-01.20.02:209][  0]LogTemp:Display: Loaded TP WindowsNoEditorTargetPlatform
[2017.03.03-01.20.02:255][  0]LogTemp:Display: Loaded TP WindowsServerTargetPlatform
[2017.03.03-01.20.02:291][  0]LogTemp:Display: Loaded TP WindowsTargetPlatform
[2017.03.03-01.20.02:337][  0]LogTemp:Display: Loaded TP AndroidTargetPlatform
[2017.03.03-01.20.02:382][  0]LogTemp:Display: Loaded TP Android_ASTCTargetPlatform
[2017.03.03-01.20.02:428][  0]LogTemp:Display: Loaded TP Android_ATCTargetPlatform
[2017.03.03-01.20.02:475][  0]LogTemp:Display: Loaded TP Android_DXTTargetPlatform
[2017.03.03-01.20.02:521][  0]LogTemp:Display: Loaded TP Android_ETC1TargetPlatform
[2017.03.03-01.20.02:567][  0]LogTemp:Display: Loaded TP Android_ETC2TargetPlatform
[2017.03.03-01.20.02:659][  0]LogTemp:Display: Loaded TP Android_MultiTargetPlatform
[2017.03.03-01.20.02:659][  0]LogTemp:Display: Loaded TP Android_PVRTCTargetPlatform
[2017.03.03-01.20.02:688][  0]LogTemp:Display: Loaded TP HTML5TargetPlatform
[2017.03.03-01.20.02:776][  0]LogTemp:Display: Loaded TP IOSTargetPlatform
[2017.03.03-01.20.02:809][  0]LogTemp:Display: Loaded TP TVOSTargetPlatform
[2017.03.03-01.20.02:856][  0]LogTemp:Display: Loaded TP LinuxClientTargetPlatform
[2017.03.03-01.20.02:902][  0]LogTemp:Display: Loaded TP LinuxNoEditorTargetPlatform
[2017.03.03-01.20.02:948][  0]LogTemp:Display: Loaded TP LinuxServerTargetPlatform
[2017.03.03-01.20.02:994][  0]LogTemp:Display: Loaded TP LinuxTargetPlatform
[2017.03.03-01.20.02:994][  0]LogTargetPlatformManager:Display: Building Assets For Windows
[2017.03.03-01.20.03:354][  0]LogDerivedDataCache:Display: Max Cache Size: 512 MB
[2017.03.03-01.20.03:408][  0]LogDerivedDataCache: Loaded boot cache 0.05s 50MB C:/Users/LordDro/AppData/Local/UnrealEngine/4.15/DerivedDataCache/Boot.ddc.
[2017.03.03-01.20.03:408][  0]LogDerivedDataCache:Display: Loaded Boot cache: C:/Users/LordDro/AppData/Local/UnrealEngine/4.15/DerivedDataCache/Boot.ddc
[2017.03.03-01.20.03:409][  0]LogDerivedDataCache: FDerivedDataBackendGraph:  Pak pak cache file ../../../../../Unreal/Work/DerivedDataCache/DDC.ddp not found, will not use a pak cache.
[2017.03.03-01.20.03:409][  0]LogDerivedDataCache: Unable to find inner node Pak for hierarchical cache Hierarchy.
[2017.03.03-01.20.03:409][  0]LogDerivedDataCache: FDerivedDataBackendGraph:  CompressedPak pak cache file ../../../../../Unreal/Work/DerivedDataCache/Compressed.ddp not found, will not use a pak cache.
[2017.03.03-01.20.03:409][  0]LogDerivedDataCache: Unable to find inner node CompressedPak for hierarchical cache Hierarchy.
[2017.03.03-01.20.03:428][  0]LogDerivedDataCache:Display: Pak cache opened for reading ../../../Engine/DerivedDataCache/Compressed.ddp.
[2017.03.03-01.20.03:441][  0]LogDerivedDataCache: Using Local data cache path C:/Users/LordDro/AppData/Local/UnrealEngine/Common/DerivedDataCache: Writable
[2017.03.03-01.20.03:450][  0]LogSlate: Using Freetype 2.6.0
[2017.03.03-01.20.03:451][  0]LogSlate: SlateFontCache - WITH_FREETYPE: 1, WITH_HARFBUZZ: 1
[2017.03.03-01.20.03:451][  0]LogSlate: SlateFontCache - WITH_FREETYPE: 1, WITH_HARFBUZZ: 1
[2017.03.03-01.20.03:712][  0]LogInit: Selected Device Profile: [Windows]
[2017.03.03-01.20.03:715][  0]LogContentStreaming: Texture pool size is 0.00 MB
[2017.03.03-01.20.03:898][  0]LogMeshUtilities: Using QuadricMeshReduction for automatic static mesh reduction
[2017.03.03-01.20.03:934][  0]LogSimplygon: Simplygon DLL not present - disabling.
[2017.03.03-01.20.03:968][  0]LogMeshUtilities: Using SimplygonSwarm for distributed automatic mesh merging
[2017.03.03-01.20.03:968][  0]LogMeshUtilities: No automatic skeletal mesh reduction module available
[2017.03.03-01.20.03:968][  0]LogMeshUtilities: No automatic mesh merging module available
[2017.03.03-01.20.04:481][  0]LogNetVersion: GetLocalNetworkVersion: CL: 3299760, ProjectName: work, ProjectVersion: , EngineNetworkVersion: 2, GameNetworkVersion: 0, NetworkChecksum: 2035158073
[2017.03.03-01.20.04:525][  0]LogAssetRegistry: FAssetRegistry took 0.0240 seconds to start up
[2017.03.03-01.20.04:549][  0]LogPackageLocalizationCache: Processed 3 localized package path(s) for 1 prioritized culture(s) in 0.009115 seconds
[2017.03.03-01.20.04:555][  0]LogUObjectArray: 32475 objects as part of root set at end of initial load.
[2017.03.03-01.20.04:555][  0]LogUObjectAllocator: 7073360 out of 0 bytes used by permanent object pool.
[2017.03.03-01.20.04:555][  0]LogUObjectArray: CloseDisregardForGC: 0/0 objects in disregard for GC pool
[2017.03.03-01.20.04:599][  0]LogInit: WinSock: version 1.1 (2.2), MaxSocks=32767, MaxUdp=65467
[2017.03.03-01.20.05:918][  0]LogTcpMessaging: Initializing TcpMessaging bridge
[2017.03.03-01.20.05:951][  0]LogUdpMessaging: Initializing bridge on interface 0.0.0.0:0 to multicast group 230.0.0.1:6666.
[2017.03.03-01.20.06:369][  0]LogMaterial: Uniform references updated for custom material expression Custom.
[2017.03.03-01.20.06:661][  0]SourceControl: Info Source control is disabled
[2017.03.03-01.20.06:696][  0]SourceControl: Info Source control is disabled
[2017.03.03-01.20.06:729][  0]SourceControl: Info Source control is disabled
[2017.03.03-01.20.06:762][  0]SourceControl: Info Source control is disabled
[2017.03.03-01.20.07:686][  0]LogEngine: Initializing Engine...
[2017.03.03-01.20.07:687][  0]LogHMD: Failed to initialize OpenVR with code 110
[2017.03.03-01.20.07:884][  0]LogAIModule: Creating AISystem for world Untitled
[2017.03.03-01.20.07:900][  0]LogInit: XAudio2 using 'Динамики (Envy24 Family Audio Controller WDM)' : 2 channels at 48 kHz using 32 bits per sample (channel mask 0x3)
[2017.03.03-01.20.07:916][  0]LogInit: FAudioDevice initialized.
[2017.03.03-01.20.07:946][  0]LogDerivedDataCache: Saved boot cache 0.03s 50MB C:/Users/LordDro/AppData/Local/UnrealEngine/4.15/DerivedDataCache/Boot.ddc.
[2017.03.03-01.20.07:954][  0]LogInit: Texture streaming: Enabled
[2017.03.03-01.20.08:029][  0]LogEngineSessionManager: EngineSessionManager initialized
[2017.03.03-01.20.08:029][  0]LogEngineSessionManager: EngineSessionManager sent abnormal shutdown report. Type=Debugger, SessionId={7C4F3E3B-4EB8-9F7C-A55F-C4B7BE677167}
[2017.03.03-01.20.08:029][  0]LogEngineSessionManager: EngineSessionManager sent abnormal shutdown report. Type=Debugger, SessionId={DCE94F4E-493C-74EE-C67D-669E4388E430}
[2017.03.03-01.20.08:029][  0]LogEngineSessionManager: EngineSessionManager sent abnormal shutdown report. Type=Debugger, SessionId={86C1D113-4F86-869D-92DC-9EAC694FE404}
[2017.03.03-01.20.08:094][  0]LogInit: Transaction tracking system initialized
[2017.03.03-01.20.08:337][  0]BlueprintLog: New page: Editor Load
[2017.03.03-01.20.08:978][  0]LocalizationService: Info Localization service is disabled
[2017.03.03-01.20.09:466][  0]LogConsoleResponse:Display: 
[2017.03.03-01.20.09:583][  0]LogCook:Display: Max memory allowance for cook 16384mb min free memory 0mb
[2017.03.03-01.20.09:583][  0]LogCook:Display: Mobile HDR setting 1
[2017.03.03-01.20.09:626][  0]LogFileCache: Scanning file cache for directory 'g:/Unreal/Work/Content/' took 0.01s
[2017.03.03-01.20.10:341][  0]SourceControl: Info Source control is disabled
[2017.03.03-01.20.10:341][  0]Cmd: MAP LOAD FILE="../../../Engine/Content/Maps/Templates/Template_Default.umap" TEMPLATE=1 SHOWPROGRESS=1 FEATURELEVEL=3
[2017.03.03-01.20.10:342][  0]LightingResults: New page: Lighting Build
[2017.03.03-01.20.10:369][  0]MapCheck: New page: Map Check
[2017.03.03-01.20.10:369][  0]LightingResults: New page: Lighting Build
[2017.03.03-01.20.10:605][  0]LogAIModule: Creating AISystem for world Untitled_1
[2017.03.03-01.20.10:606][  0]LogActorComponent: RegisterComponentWithWorld: (/Temp/Untitled_1.Untitled_1:PersistentLevel.WorldSettings_1.StaticMeshComponent0) Trying to register component with IsPendingKill() == true. Aborting.
[2017.03.03-01.20.10:611][  0]LogEditorServer: Finished looking for orphan Actors (0.000 secs)
[2017.03.03-01.20.10:616][  0]Cmd: MAP CHECKDEP NOCLEARLOG
[2017.03.03-01.20.10:647][  0]MapCheck: Info Map check complete: 0 Error(s), 0 Warning(s), took 30.162ms to complete.
[2017.03.03-01.20.10:647][  0]LogFileHelpers: Loading map 'Template_Default' took 0.306
[2017.03.03-01.20.10:711][  0]LogWindowsTextInputMethodSystem:Display: IME system now deactivated.
[2017.03.03-01.20.10:823][  0]LogCollectionManager: Loaded 0 collections in 0.000892 seconds
[2017.03.03-01.20.10:897][  0]LogFileCache: Scanning file cache for directory 'g:/Unreal/Work/Saved/Collections/' took 0.01s
[2017.03.03-01.20.10:897][  0]LogFileCache: Scanning file cache for directory 'g:/Unreal/Work/Content/Developers/LordDro/Collections/' took 0.01s
[2017.03.03-01.20.10:897][  0]LogFileCache: Scanning file cache for directory 'g:/Unreal/Work/Content/Collections/' took 0.01s
[2017.03.03-01.20.10:897][  0]LogCollectionManager: Rebuilt the GUID cache for 0 collections in 0.000002 seconds
[2017.03.03-01.20.10:908][  0]LogContentBrowser: Native class hierarchy populated in 0.0100 seconds. Added 2246 classes and 452 folders.
[2017.03.03-01.20.10:911][  0]LogStats: UGameplayTagsManager::ConstructGameplayTagTree: Construct from data asset -  0.000 s
[2017.03.03-01.20.10:911][  0]LogStats: UGameplayTagsManager::ConstructGameplayTagTree: GameplayTagTreeChangedEvent.Broadcast -  0.000 s
[2017.03.03-01.20.10:954][  0]LogContentBrowser: Native class hierarchy updated for 'WidgetCarousel' in 0.0012 seconds. Added 0 classes and 0 folders.
[2017.03.03-01.20.10:987][  0]LogContentBrowser: Native class hierarchy updated for 'AddContentDialog' in 0.0012 seconds. Added 0 classes and 0 folders.
[2017.03.03-01.20.11:022][  0]LogContentBrowser: Native class hierarchy updated for 'SceneOutliner' in 0.0013 seconds. Added 1 classes and 2 folders.
[2017.03.03-01.20.11:069][  0]LogCrashTracker: Crashtracker disabled due to settings.
[2017.03.03-01.20.11:075][  0]LogUObjectGlobals:Warning: Failed to find object 'Class None.'
[2017.03.03-01.20.11:136][  0]LogContentBrowser: Native class hierarchy updated for 'HierarchicalLODOutliner' in 0.0013 seconds. Added 1 classes and 2 folders.
[2017.03.03-01.20.11:136][  0]LogLoad: (Engine Initialization) Total time: 13.17 seconds
[2017.03.03-01.20.11:136][  0]LogLoad: (Engine Initialization) Total Blueprint compile time: 0.08 seconds
[2017.03.03-01.20.11:136][  0]LogExternalProfiler: Found external profiler: VSPerf
[2017.03.03-01.20.11:136][  0]LogExternalProfiler: Using external profiler: VSPerf
[2017.03.03-01.20.11:145][  0]LogOcInput: OculusInput pre-init called
[2017.03.03-01.20.11:166][  0]LogContentStreaming: Texture pool size now 1000 MB
[2017.03.03-01.20.11:167][  0]LogSlate: Took 0.000166 seconds to synchronously load lazily loaded font '../../../Engine/Content/Slate/Fonts/Roboto-Regular.ttf' (155K)
[2017.03.03-01.20.11:171][  0]LogSlate: Took 0.000193 seconds to synchronously load lazily loaded font '../../../Engine/Content/Slate/Fonts/Roboto-Bold.ttf' (160K)
[2017.03.03-01.20.11:177][  0]LogSlate: Took 0.000185 seconds to synchronously load lazily loaded font '../../../Engine/Content/Editor/Slate/Fonts/FontAwesome.ttf' (139K)
[2017.03.03-01.20.11:287][  0]LogSlate: Took 0.000259 seconds to synchronously load lazily loaded font '../../../Engine/Content/Slate/Fonts/Roboto-Light.ttf' (159K)
[2017.03.03-01.20.11:350][  0]LogRenderer: Reallocating scene render targets to support 804x540 NumSamples 1 (Frame:2).
[2017.03.03-01.20.11:461][  1]LogAssetRegistry: Asset discovery search completed in 6.9601 seconds
[2017.03.03-01.20.11:462][  1]LogCollectionManager: Rebuilt the object cache for 0 collections in 0.000007 seconds (found 0 objects)
[2017.03.03-01.20.11:462][  1]LogCollectionManager: Fixed up redirectors for 0 collections in 0.000063 seconds (updated 0 objects)
[2017.03.03-01.20.16:246][541]LogTemp: Repeting last play command: Selected Viewport
[2017.03.03-01.20.16:252][541]LogPlayLevel: PlayLevel: No blueprints needed recompiling
[2017.03.03-01.20.16:253][541]PIE: New page: PIE session: Untitled_1 (Mar 3, 2017, 7:20:16 AM)
[2017.03.03-01.20.16:253][541]LogPlayLevel: Creating play world package: /Temp/UEDPIE_0_Untitled_1
[2017.03.03-01.20.16:255][541]LogPlayLevel: PIE: StaticDuplicateObject took: (0.001804s)
[2017.03.03-01.20.16:255][541]LogAIModule: Creating AISystem for world Untitled_1
[2017.03.03-01.20.16:256][541]LogPlayLevel: PIE: World Init took: (0.001150s)
[2017.03.03-01.20.16:256][541]LogPlayLevel: PIE: Created PIE world by copying editor world from /Temp/Untitled_1.Untitled_1 to /Temp/UEDPIE_0_Untitled_1.Untitled_1 (0.003341s)
[2017.03.03-01.20.16:273][541]LogInit: XAudio2 using 'Динамики (Envy24 Family Audio Controller WDM)' : 2 channels at 48 kHz using 32 bits per sample (channel mask 0x3)
[2017.03.03-01.20.16:277][541]LogInit: FAudioDevice initialized.
[2017.03.03-01.20.16:409][541]LogLoad: Game class is 'BP_mygm_C'
[2017.03.03-01.20.16:412][541]LogWorld: Bringing World /Temp/UEDPIE_0_Untitled_1.Untitled_1 up for play (max tick rate 0) at 2017.03.03-04.20.16
[2017.03.03-01.20.16:412][541]LogWorld: Bringing up level for play took: 0.001080
[2017.03.03-01.20.16:441][541]LogContentBrowser: Native class hierarchy updated for 'MovieSceneCapture' in 0.0012 seconds. Added 11 classes and 0 folders.
[2017.03.03-01.20.16:441][541]LogGameMode:Display: Match State Changed from EnteringMap to WaitingToStart
[2017.03.03-01.20.16:441][541]LogGameState: Match State Changed from EnteringMap to WaitingToStart
[2017.03.03-01.20.16:441][541]LogGameMode:Display: Match State Changed from WaitingToStart to InProgress
[2017.03.03-01.20.16:443][541]LogGameState: Match State Changed from WaitingToStart to InProgress
[2017.03.03-01.20.16:443][541]PIE: Info Play in editor start time for /Temp/UEDPIE_0_Untitled_1 0.458
[2017.03.03-01.20.17:306][640]LogBlueprintUserMessages: [butt_C_0] Hello
[2017.03.03-01.20.29:440][652]LogBlueprintUserMessages: [butt_C_0] Hello
[2017.03.03-01.20.38:124][555]LogBlueprintUserMessages: [butt_C_0] Hello
[2017.03.03-01.20.46:187][999]LogBlueprintUserMessages: [butt_C_0] Hello
[2017.03.03-01.20.49:464][392]LogBlueprintUserMessages: [butt_C_0] Hello
[2017.03.03-01.20.52:223][723]LogBlueprintUserMessages: [butt_C_0] Hello
[2017.03.03-01.20.57:481][354]LogBlueprintUserMessages: [butt_C_0] Hello
[2017.03.03-01.21.01:000][776]LogBlueprintUserMessages: [butt_C_0] Hello
[2017.03.03-01.21.02:808][989]LogRenderer: Reallocating scene render targets to support 804x544 NumSamples 1 (Frame:4955).
[2017.03.03-01.21.03:011][990]LogRenderer: Reallocating scene render targets to support 804x568 NumSamples 1 (Frame:4956).
[2017.03.03-01.21.03:054][991]LogRenderer: Reallocating scene render targets to support 804x672 NumSamples 1 (Frame:4957).
[2017.03.03-01.21.03:097][992]LogRenderer: Reallocating scene render targets to support 804x676 NumSamples 1 (Frame:4958).
[2017.03.03-01.21.03:136][993]LogRenderer: Reallocating scene render targets to support 804x684 NumSamples 1 (Frame:4959).
[2017.03.03-01.21.03:190][994]LogRenderer: Reallocating scene render targets to support 804x692 NumSamples 1 (Frame:4960).
[2017.03.03-01.21.03:234][995]LogRenderer: Reallocating scene render targets to support 804x696 NumSamples 1 (Frame:4961).
[2017.03.03-01.21.03:285][996]LogRenderer: Reallocating scene render targets to support 804x700 NumSamples 1 (Frame:4962).
[2017.03.03-01.21.03:464][  6]LogRenderer: Reallocating scene render targets to support 804x704 NumSamples 1 (Frame:4964).
[2017.03.03-01.21.03:505][  7]LogRenderer: Reallocating scene render targets to support 804x708 NumSamples 1 (Frame:4965).
[2017.03.03-01.21.03:547][  8]LogRenderer: Reallocating scene render targets to support 804x716 NumSamples 1 (Frame:4966).
[2017.03.03-01.21.03:592][  9]LogRenderer: Reallocating scene render targets to support 804x724 NumSamples 1 (Frame:4967).
[2017.03.03-01.21.03:677][ 11]LogRenderer: Reallocating scene render targets to support 804x728 NumSamples 1 (Frame:4969).
[2017.03.03-01.21.03:765][ 13]LogRenderer: Reallocating scene render targets to support 804x732 NumSamples 1 (Frame:4971).
[2017.03.03-01.21.03:809][ 14]LogRenderer: Reallocating scene render targets to support 804x736 NumSamples 1 (Frame:4972).
[2017.03.03-01.21.03:852][ 15]LogRenderer: Reallocating scene render targets to support 804x744 NumSamples 1 (Frame:4973).
[2017.03.03-01.21.03:904][ 16]LogRenderer: Reallocating scene render targets to support 804x748 NumSamples 1 (Frame:4974).
[2017.03.03-01.21.03:949][ 17]LogRenderer: Reallocating scene render targets to support 804x756 NumSamples 1 (Frame:4975).
[2017.03.03-01.21.04:000][ 18]LogRenderer: Reallocating scene render targets to support 804x760 NumSamples 1 (Frame:4976).
[2017.03.03-01.21.04:047][ 19]LogRenderer: Reallocating scene render targets to support 804x768 NumSamples 1 (Frame:4977).
[2017.03.03-01.21.04:092][ 20]LogRenderer: Reallocating scene render targets to support 804x772 NumSamples 1 (Frame:4978).
[2017.03.03-01.21.04:138][ 21]LogRenderer: Reallocating scene render targets to support 804x776 NumSamples 1 (Frame:4979).
[2017.03.03-01.21.04:182][ 22]LogRenderer: Reallocating scene render targets to support 804x780 NumSamples 1 (Frame:4980).
[2017.03.03-01.21.04:228][ 23]LogRenderer: Reallocating scene render targets to support 804x784 NumSamples 1 (Frame:4981).
[2017.03.03-01.21.04:327][ 25]LogRenderer: Reallocating scene render targets to support 804x788 NumSamples 1 (Frame:4983).
[2017.03.03-01.21.04:462][ 28]LogRenderer: Reallocating scene render targets to support 804x792 NumSamples 1 (Frame:4986).
[2017.03.03-01.21.05:777][148]LogBlueprintUserMessages: [butt_C_0] Hello
